{"/Users/magdavicente/project3/Group9-Project3-Frontend/app/(tabs)/DeckScreen.tsx": {"path":"/Users/magdavicente/project3/Group9-Project3-Frontend/app/(tabs)/DeckScreen.tsx","statementMap":{"0":{"start":{"line":9,"column":20},"end":{"line":9,"column":28}},"1":{"start":{"line":11,"column":15},"end":{"line":17,"column":1}},"2":{"start":{"line":20,"column":21},"end":{"line":20,"column":65}},"3":{"start":{"line":21,"column":17},"end":{"line":21,"column":28}},"4":{"start":{"line":22,"column":26},"end":{"line":22,"column":53}},"5":{"start":{"line":23,"column":32},"end":{"line":23,"column":46}},"6":{"start":{"line":24,"column":42},"end":{"line":24,"column":104}},"7":{"start":{"line":26,"column":2},"end":{"line":50,"column":9}},"8":{"start":{"line":27,"column":18},"end":{"line":27,"column":22}},"9":{"start":{"line":29,"column":4},"end":{"line":45,"column":9}},"10":{"start":{"line":30,"column":6},"end":{"line":44,"column":7}},"11":{"start":{"line":32,"column":27},"end":{"line":32,"column":77}},"12":{"start":{"line":33,"column":8},"end":{"line":41,"column":9}},"13":{"start":{"line":34,"column":27},"end":{"line":34,"column":69}},"14":{"start":{"line":35,"column":10},"end":{"line":40,"column":11}},"15":{"start":{"line":36,"column":12},"end":{"line":39,"column":15}},"16":{"start":{"line":43,"column":8},"end":{"line":43,"column":53}},"17":{"start":{"line":47,"column":4},"end":{"line":49,"column":6}},"18":{"start":{"line":48,"column":6},"end":{"line":48,"column":22}},"19":{"start":{"line":52,"column":2},"end":{"line":99,"column":29}},"20":{"start":{"line":53,"column":18},"end":{"line":53,"column":22}},"21":{"start":{"line":54,"column":4},"end":{"line":54,"column":21}},"22":{"start":{"line":56,"column":4},"end":{"line":94,"column":9}},"23":{"start":{"line":57,"column":6},"end":{"line":93,"column":7}},"24":{"start":{"line":59,"column":28},"end":{"line":59,"column":61}},"25":{"start":{"line":62,"column":35},"end":{"line":73,"column":10}},"26":{"start":{"line":63,"column":10},"end":{"line":71,"column":11}},"27":{"start":{"line":64,"column":29},"end":{"line":69,"column":13}},"28":{"start":{"line":70,"column":12},"end":{"line":70,"column":42}},"29":{"start":{"line":72,"column":10},"end":{"line":72,"column":23}},"30":{"start":{"line":76,"column":8},"end":{"line":78,"column":9}},"31":{"start":{"line":77,"column":10},"end":{"line":77,"column":83}},"32":{"start":{"line":77,"column":44},"end":{"line":77,"column":81}},"33":{"start":{"line":80,"column":8},"end":{"line":85,"column":9}},"34":{"start":{"line":81,"column":10},"end":{"line":84,"column":13}},"35":{"start":{"line":87,"column":8},"end":{"line":87,"column":51}},"36":{"start":{"line":88,"column":8},"end":{"line":90,"column":9}},"37":{"start":{"line":89,"column":10},"end":{"line":89,"column":73}},"38":{"start":{"line":92,"column":8},"end":{"line":92,"column":39}},"39":{"start":{"line":92,"column":21},"end":{"line":92,"column":39}},"40":{"start":{"line":96,"column":4},"end":{"line":98,"column":6}},"41":{"start":{"line":97,"column":6},"end":{"line":97,"column":22}},"42":{"start":{"line":102,"column":29},"end":{"line":107,"column":3}},"43":{"start":{"line":103,"column":4},"end":{"line":106,"column":23}},"44":{"start":{"line":105,"column":21},"end":{"line":105,"column":65}},"45":{"start":{"line":109,"column":2},"end":{"line":121,"column":3}},"46":{"start":{"line":110,"column":4},"end":{"line":120,"column":6}},"47":{"start":{"line":115,"column":69},"end":{"line":115,"column":102}},"48":{"start":{"line":123,"column":2},"end":{"line":169,"column":4}},"49":{"start":{"line":128,"column":76},"end":{"line":128,"column":109}},"50":{"start":{"line":140,"column":33},"end":{"line":140,"column":41}},"51":{"start":{"line":142,"column":10},"end":{"line":163,"column":29}},"52":{"start":{"line":144,"column":27},"end":{"line":144,"column":61}},"53":{"start":{"line":172,"column":15},"end":{"line":300,"column":2}}},"fnMap":{"0":{"name":"DeckScreen","decl":{"start":{"line":19,"column":24},"end":{"line":19,"column":34}},"loc":{"start":{"line":19,"column":37},"end":{"line":170,"column":1}},"line":19},"1":{"name":"(anonymous_1)","decl":{"start":{"line":26,"column":12},"end":{"line":26,"column":13}},"loc":{"start":{"line":26,"column":18},"end":{"line":50,"column":3}},"line":26},"2":{"name":"(anonymous_2)","decl":{"start":{"line":29,"column":5},"end":{"line":29,"column":6}},"loc":{"start":{"line":29,"column":17},"end":{"line":45,"column":5}},"line":29},"3":{"name":"(anonymous_3)","decl":{"start":{"line":47,"column":11},"end":{"line":47,"column":12}},"loc":{"start":{"line":47,"column":17},"end":{"line":49,"column":5}},"line":47},"4":{"name":"(anonymous_4)","decl":{"start":{"line":52,"column":12},"end":{"line":52,"column":13}},"loc":{"start":{"line":52,"column":18},"end":{"line":99,"column":3}},"line":52},"5":{"name":"(anonymous_5)","decl":{"start":{"line":56,"column":5},"end":{"line":56,"column":6}},"loc":{"start":{"line":56,"column":17},"end":{"line":94,"column":5}},"line":56},"6":{"name":"(anonymous_6)","decl":{"start":{"line":62,"column":58},"end":{"line":62,"column":59}},"loc":{"start":{"line":62,"column":69},"end":{"line":73,"column":9}},"line":62},"7":{"name":"(anonymous_7)","decl":{"start":{"line":77,"column":34},"end":{"line":77,"column":35}},"loc":{"start":{"line":77,"column":44},"end":{"line":77,"column":81}},"line":77},"8":{"name":"(anonymous_8)","decl":{"start":{"line":96,"column":11},"end":{"line":96,"column":12}},"loc":{"start":{"line":96,"column":17},"end":{"line":98,"column":5}},"line":96},"9":{"name":"(anonymous_9)","decl":{"start":{"line":102,"column":29},"end":{"line":102,"column":30}},"loc":{"start":{"line":102,"column":59},"end":{"line":107,"column":3}},"line":102},"10":{"name":"(anonymous_10)","decl":{"start":{"line":105,"column":11},"end":{"line":105,"column":12}},"loc":{"start":{"line":105,"column":21},"end":{"line":105,"column":65}},"line":105},"11":{"name":"(anonymous_11)","decl":{"start":{"line":115,"column":63},"end":{"line":115,"column":64}},"loc":{"start":{"line":115,"column":69},"end":{"line":115,"column":102}},"line":115},"12":{"name":"(anonymous_12)","decl":{"start":{"line":128,"column":70},"end":{"line":128,"column":71}},"loc":{"start":{"line":128,"column":76},"end":{"line":128,"column":109}},"line":128},"13":{"name":"(anonymous_13)","decl":{"start":{"line":140,"column":22},"end":{"line":140,"column":23}},"loc":{"start":{"line":140,"column":33},"end":{"line":140,"column":41}},"line":140},"14":{"name":"(anonymous_14)","decl":{"start":{"line":141,"column":20},"end":{"line":141,"column":21}},"loc":{"start":{"line":142,"column":10},"end":{"line":163,"column":29}},"line":142},"15":{"name":"(anonymous_15)","decl":{"start":{"line":144,"column":21},"end":{"line":144,"column":22}},"loc":{"start":{"line":144,"column":27},"end":{"line":144,"column":61}},"line":144}},"branchMap":{"0":{"loc":{"start":{"line":33,"column":8},"end":{"line":41,"column":9}},"type":"if","locations":[{"start":{"line":33,"column":8},"end":{"line":41,"column":9}},{"start":{},"end":{}}],"line":33},"1":{"loc":{"start":{"line":35,"column":10},"end":{"line":40,"column":11}},"type":"if","locations":[{"start":{"line":35,"column":10},"end":{"line":40,"column":11}},{"start":{},"end":{}}],"line":35},"2":{"loc":{"start":{"line":63,"column":10},"end":{"line":71,"column":11}},"type":"if","locations":[{"start":{"line":63,"column":10},"end":{"line":71,"column":11}},{"start":{},"end":{}}],"line":63},"3":{"loc":{"start":{"line":76,"column":8},"end":{"line":78,"column":9}},"type":"if","locations":[{"start":{"line":76,"column":8},"end":{"line":78,"column":9}},{"start":{},"end":{}}],"line":76},"4":{"loc":{"start":{"line":77,"column":45},"end":{"line":77,"column":60}},"type":"binary-expr","locations":[{"start":{"line":77,"column":45},"end":{"line":77,"column":55}},{"start":{"line":77,"column":59},"end":{"line":77,"column":60}}],"line":77},"5":{"loc":{"start":{"line":77,"column":65},"end":{"line":77,"column":80}},"type":"binary-expr","locations":[{"start":{"line":77,"column":65},"end":{"line":77,"column":75}},{"start":{"line":77,"column":79},"end":{"line":77,"column":80}}],"line":77},"6":{"loc":{"start":{"line":80,"column":8},"end":{"line":85,"column":9}},"type":"if","locations":[{"start":{"line":80,"column":8},"end":{"line":85,"column":9}},{"start":{},"end":{}}],"line":80},"7":{"loc":{"start":{"line":88,"column":8},"end":{"line":90,"column":9}},"type":"if","locations":[{"start":{"line":88,"column":8},"end":{"line":90,"column":9}},{"start":{},"end":{}}],"line":88},"8":{"loc":{"start":{"line":92,"column":8},"end":{"line":92,"column":39}},"type":"if","locations":[{"start":{"line":92,"column":8},"end":{"line":92,"column":39}},{"start":{},"end":{}}],"line":92},"9":{"loc":{"start":{"line":109,"column":2},"end":{"line":121,"column":3}},"type":"if","locations":[{"start":{"line":109,"column":2},"end":{"line":121,"column":3}},{"start":{},"end":{}}],"line":109},"10":{"loc":{"start":{"line":109,"column":6},"end":{"line":109,"column":39}},"type":"binary-expr","locations":[{"start":{"line":109,"column":6},"end":{"line":109,"column":11}},{"start":{"line":109,"column":15},"end":{"line":109,"column":39}}],"line":109},"11":{"loc":{"start":{"line":143,"column":38},"end":{"line":143,"column":68}},"type":"binary-expr","locations":[{"start":{"line":143,"column":38},"end":{"line":143,"column":50}},{"start":{"line":143,"column":54},"end":{"line":143,"column":68}}],"line":143},"12":{"loc":{"start":{"line":152,"column":15},"end":{"line":156,"column":15}},"type":"binary-expr","locations":[{"start":{"line":152,"column":15},"end":{"line":152,"column":42}},{"start":{"line":153,"column":16},"end":{"line":155,"column":23}}],"line":152},"13":{"loc":{"start":{"line":158,"column":13},"end":{"line":162,"column":13}},"type":"binary-expr","locations":[{"start":{"line":158,"column":13},"end":{"line":158,"column":25}},{"start":{"line":159,"column":14},"end":{"line":161,"column":21}}],"line":158}},"s":{"0":1,"1":1,"2":8,"3":8,"4":8,"5":8,"6":8,"7":8,"8":3,"9":3,"10":3,"11":3,"12":3,"13":1,"14":1,"15":1,"16":0,"17":3,"18":3,"19":8,"20":4,"21":4,"22":4,"23":4,"24":4,"25":3,"26":4,"27":2,"28":2,"29":2,"30":3,"31":1,"32":1,"33":3,"34":3,"35":1,"36":1,"37":1,"38":4,"39":4,"40":4,"41":4,"42":8,"43":6,"44":12,"45":8,"46":5,"47":1,"48":3,"49":0,"50":7,"51":6,"52":1,"53":1},"f":{"0":8,"1":3,"2":3,"3":3,"4":4,"5":4,"6":4,"7":1,"8":4,"9":6,"10":12,"11":1,"12":0,"13":7,"14":6,"15":1},"b":{"0":[1,2],"1":[1,0],"2":[2,2],"3":[1,2],"4":[1,0],"5":[1,0],"6":[3,0],"7":[1,0],"8":[4,0],"9":[5,3],"10":[8,4],"11":[6,3],"12":[6,2],"13":[6,3]},"_coverageSchema":"1a1c01bbd47fc00a2c39e90264f33305004495a9","hash":"c6221f2bd6c74b8c51fd05ef4f32aded1c420296"}
,"/Users/magdavicente/project3/Group9-Project3-Frontend/app/(tabs)/HomeScreen.tsx": {"path":"/Users/magdavicente/project3/Group9-Project3-Frontend/app/(tabs)/HomeScreen.tsx","statementMap":{"0":{"start":{"line":9,"column":15},"end":{"line":15,"column":1}},"1":{"start":{"line":18,"column":26},"end":{"line":49,"column":1}},"2":{"start":{"line":54,"column":23},"end":{"line":74,"column":1}},"3":{"start":{"line":55,"column":2},"end":{"line":57,"column":3}},"4":{"start":{"line":56,"column":4},"end":{"line":56,"column":39}},"5":{"start":{"line":60,"column":16},"end":{"line":60,"column":74}},"6":{"start":{"line":61,"column":2},"end":{"line":63,"column":3}},"7":{"start":{"line":62,"column":4},"end":{"line":62,"column":39}},"8":{"start":{"line":65,"column":32},"end":{"line":65,"column":37}},"9":{"start":{"line":66,"column":22},"end":{"line":66,"column":46}},"10":{"start":{"line":67,"column":21},"end":{"line":67,"column":40}},"11":{"start":{"line":69,"column":2},"end":{"line":71,"column":3}},"12":{"start":{"line":70,"column":4},"end":{"line":70,"column":54}},"13":{"start":{"line":73,"column":2},"end":{"line":73,"column":37}},"14":{"start":{"line":77,"column":28},"end":{"line":77,"column":48}},"15":{"start":{"line":78,"column":50},"end":{"line":78,"column":81}},"16":{"start":{"line":79,"column":32},"end":{"line":79,"column":46}},"17":{"start":{"line":80,"column":38},"end":{"line":80,"column":53}},"18":{"start":{"line":81,"column":19},"end":{"line":81,"column":56}},"19":{"start":{"line":82,"column":17},"end":{"line":82,"column":28}},"20":{"start":{"line":84,"column":20},"end":{"line":126,"column":3}},"21":{"start":{"line":85,"column":4},"end":{"line":125,"column":5}},"22":{"start":{"line":87,"column":23},"end":{"line":87,"column":57}},"23":{"start":{"line":88,"column":6},"end":{"line":93,"column":7}},"24":{"start":{"line":89,"column":8},"end":{"line":89,"column":48}},"25":{"start":{"line":90,"column":8},"end":{"line":90,"column":21}},"26":{"start":{"line":91,"column":8},"end":{"line":91,"column":32}},"27":{"start":{"line":92,"column":8},"end":{"line":92,"column":15}},"28":{"start":{"line":95,"column":25},"end":{"line":95,"column":45}},"29":{"start":{"line":96,"column":6},"end":{"line":101,"column":7}},"30":{"start":{"line":97,"column":8},"end":{"line":97,"column":38}},"31":{"start":{"line":98,"column":8},"end":{"line":98,"column":21}},"32":{"start":{"line":99,"column":8},"end":{"line":99,"column":32}},"33":{"start":{"line":100,"column":8},"end":{"line":100,"column":15}},"34":{"start":{"line":104,"column":35},"end":{"line":107,"column":8}},"35":{"start":{"line":109,"column":6},"end":{"line":109,"column":26}},"36":{"start":{"line":110,"column":6},"end":{"line":110,"column":35}},"37":{"start":{"line":112,"column":6},"end":{"line":112,"column":49}},"38":{"start":{"line":113,"column":6},"end":{"line":113,"column":19}},"39":{"start":{"line":114,"column":6},"end":{"line":114,"column":30}},"40":{"start":{"line":116,"column":6},"end":{"line":116,"column":24}},"41":{"start":{"line":117,"column":6},"end":{"line":117,"column":27}},"42":{"start":{"line":120,"column":6},"end":{"line":124,"column":17}},"43":{"start":{"line":128,"column":2},"end":{"line":130,"column":9}},"44":{"start":{"line":129,"column":4},"end":{"line":129,"column":16}},"45":{"start":{"line":132,"column":24},"end":{"line":135,"column":3}},"46":{"start":{"line":133,"column":4},"end":{"line":133,"column":24}},"47":{"start":{"line":134,"column":4},"end":{"line":134,"column":16}},"48":{"start":{"line":137,"column":29},"end":{"line":141,"column":16}},"49":{"start":{"line":138,"column":4},"end":{"line":141,"column":16}},"50":{"start":{"line":140,"column":21},"end":{"line":140,"column":65}},"51":{"start":{"line":143,"column":27},"end":{"line":157,"column":3}},"52":{"start":{"line":144,"column":46},"end":{"line":155,"column":5}},"53":{"start":{"line":156,"column":4},"end":{"line":156,"column":36}},"54":{"start":{"line":159,"column":33},"end":{"line":173,"column":3}},"55":{"start":{"line":160,"column":52},"end":{"line":169,"column":5}},"56":{"start":{"line":171,"column":17},"end":{"line":171,"column":104}},"57":{"start":{"line":172,"column":4},"end":{"line":172,"column":63}},"58":{"start":{"line":175,"column":2},"end":{"line":273,"column":4}},"59":{"start":{"line":199,"column":49},"end":{"line":199,"column":73}},"60":{"start":{"line":205,"column":14},"end":{"line":223,"column":33}},"61":{"start":{"line":208,"column":31},"end":{"line":208,"column":62}},"62":{"start":{"line":237,"column":31},"end":{"line":237,"column":46}},"63":{"start":{"line":238,"column":18},"end":{"line":238,"column":41}},"64":{"start":{"line":238,"column":29},"end":{"line":238,"column":41}},"65":{"start":{"line":240,"column":18},"end":{"line":264,"column":20}},"66":{"start":{"line":244,"column":37},"end":{"line":244,"column":68}},"67":{"start":{"line":276,"column":15},"end":{"line":401,"column":2}}},"fnMap":{"0":{"name":"(anonymous_0)","decl":{"start":{"line":54,"column":23},"end":{"line":54,"column":24}},"loc":{"start":{"line":54,"column":48},"end":{"line":74,"column":1}},"line":54},"1":{"name":"HomeScreen","decl":{"start":{"line":76,"column":24},"end":{"line":76,"column":34}},"loc":{"start":{"line":76,"column":37},"end":{"line":274,"column":1}},"line":76},"2":{"name":"(anonymous_2)","decl":{"start":{"line":84,"column":20},"end":{"line":84,"column":21}},"loc":{"start":{"line":84,"column":32},"end":{"line":126,"column":3}},"line":84},"3":{"name":"(anonymous_3)","decl":{"start":{"line":128,"column":12},"end":{"line":128,"column":13}},"loc":{"start":{"line":128,"column":18},"end":{"line":130,"column":3}},"line":128},"4":{"name":"(anonymous_4)","decl":{"start":{"line":132,"column":24},"end":{"line":132,"column":25}},"loc":{"start":{"line":132,"column":30},"end":{"line":135,"column":3}},"line":132},"5":{"name":"(anonymous_5)","decl":{"start":{"line":137,"column":29},"end":{"line":137,"column":30}},"loc":{"start":{"line":138,"column":4},"end":{"line":141,"column":16}},"line":138},"6":{"name":"(anonymous_6)","decl":{"start":{"line":140,"column":11},"end":{"line":140,"column":12}},"loc":{"start":{"line":140,"column":21},"end":{"line":140,"column":65}},"line":140},"7":{"name":"(anonymous_7)","decl":{"start":{"line":143,"column":27},"end":{"line":143,"column":28}},"loc":{"start":{"line":143,"column":57},"end":{"line":157,"column":3}},"line":143},"8":{"name":"(anonymous_8)","decl":{"start":{"line":159,"column":33},"end":{"line":159,"column":34}},"loc":{"start":{"line":159,"column":78},"end":{"line":173,"column":3}},"line":159},"9":{"name":"(anonymous_9)","decl":{"start":{"line":199,"column":34},"end":{"line":199,"column":35}},"loc":{"start":{"line":199,"column":49},"end":{"line":199,"column":73}},"line":199},"10":{"name":"(anonymous_10)","decl":{"start":{"line":204,"column":23},"end":{"line":204,"column":24}},"loc":{"start":{"line":205,"column":14},"end":{"line":223,"column":33}},"line":205},"11":{"name":"(anonymous_11)","decl":{"start":{"line":208,"column":25},"end":{"line":208,"column":26}},"loc":{"start":{"line":208,"column":31},"end":{"line":208,"column":62}},"line":208},"12":{"name":"(anonymous_12)","decl":{"start":{"line":236,"column":38},"end":{"line":236,"column":39}},"loc":{"start":{"line":236,"column":50},"end":{"line":265,"column":17}},"line":236},"13":{"name":"(anonymous_13)","decl":{"start":{"line":244,"column":31},"end":{"line":244,"column":32}},"loc":{"start":{"line":244,"column":37},"end":{"line":244,"column":68}},"line":244}},"branchMap":{"0":{"loc":{"start":{"line":55,"column":2},"end":{"line":57,"column":3}},"type":"if","locations":[{"start":{"line":55,"column":2},"end":{"line":57,"column":3}},{"start":{},"end":{}}],"line":55},"1":{"loc":{"start":{"line":61,"column":2},"end":{"line":63,"column":3}},"type":"if","locations":[{"start":{"line":61,"column":2},"end":{"line":63,"column":3}},{"start":{},"end":{}}],"line":61},"2":{"loc":{"start":{"line":69,"column":2},"end":{"line":71,"column":3}},"type":"if","locations":[{"start":{"line":69,"column":2},"end":{"line":71,"column":3}},{"start":{},"end":{}}],"line":69},"3":{"loc":{"start":{"line":69,"column":6},"end":{"line":69,"column":82}},"type":"binary-expr","locations":[{"start":{"line":69,"column":6},"end":{"line":69,"column":36}},{"start":{"line":69,"column":40},"end":{"line":69,"column":82}}],"line":69},"4":{"loc":{"start":{"line":88,"column":6},"end":{"line":93,"column":7}},"type":"if","locations":[{"start":{"line":88,"column":6},"end":{"line":93,"column":7}},{"start":{},"end":{}}],"line":88},"5":{"loc":{"start":{"line":96,"column":6},"end":{"line":101,"column":7}},"type":"if","locations":[{"start":{"line":96,"column":6},"end":{"line":101,"column":7}},{"start":{},"end":{}}],"line":96},"6":{"loc":{"start":{"line":156,"column":11},"end":{"line":156,"column":35}},"type":"binary-expr","locations":[{"start":{"line":156,"column":11},"end":{"line":156,"column":27}},{"start":{"line":156,"column":31},"end":{"line":156,"column":35}}],"line":156},"7":{"loc":{"start":{"line":171,"column":17},"end":{"line":171,"column":104}},"type":"binary-expr","locations":[{"start":{"line":171,"column":17},"end":{"line":171,"column":39}},{"start":{"line":171,"column":43},"end":{"line":171,"column":104}}],"line":171},"8":{"loc":{"start":{"line":172,"column":38},"end":{"line":172,"column":60}},"type":"cond-expr","locations":[{"start":{"line":172,"column":52},"end":{"line":172,"column":55}},{"start":{"line":172,"column":58},"end":{"line":172,"column":60}}],"line":172},"9":{"loc":{"start":{"line":228,"column":11},"end":{"line":268,"column":11}},"type":"binary-expr","locations":[{"start":{"line":228,"column":11},"end":{"line":228,"column":38}},{"start":{"line":229,"column":12},"end":{"line":267,"column":15}}],"line":228},"10":{"loc":{"start":{"line":238,"column":18},"end":{"line":238,"column":41}},"type":"if","locations":[{"start":{"line":238,"column":18},"end":{"line":238,"column":41}},{"start":{},"end":{}}],"line":238},"11":{"loc":{"start":{"line":254,"column":29},"end":{"line":254,"column":64}},"type":"cond-expr","locations":[{"start":{"line":254,"column":56},"end":{"line":254,"column":59}},{"start":{"line":254,"column":62},"end":{"line":254,"column":64}}],"line":254}},"s":{"0":1,"1":1,"2":1,"3":1,"4":0,"5":1,"6":1,"7":0,"8":1,"9":1,"10":1,"11":1,"12":1,"13":0,"14":12,"15":12,"16":12,"17":12,"18":12,"19":12,"20":12,"21":6,"22":6,"23":6,"24":1,"25":1,"26":1,"27":1,"28":5,"29":5,"30":0,"31":0,"32":0,"33":0,"34":5,"35":4,"36":4,"37":1,"38":1,"39":1,"40":6,"41":6,"42":6,"43":12,"44":5,"45":12,"46":1,"47":1,"48":12,"49":7,"50":11,"51":12,"52":7,"53":7,"54":12,"55":6,"56":6,"57":6,"58":12,"59":6,"60":6,"61":1,"62":1,"63":1,"64":0,"65":1,"66":0,"67":1},"f":{"0":1,"1":12,"2":6,"3":5,"4":1,"5":7,"6":11,"7":7,"8":6,"9":6,"10":6,"11":1,"12":1,"13":0},"b":{"0":[0,1],"1":[0,1],"2":[1,0],"3":[1,1],"4":[1,5],"5":[0,5],"6":[7,0],"7":[6,0],"8":[1,5],"9":[12,1],"10":[0,1],"11":[1,0]},"_coverageSchema":"1a1c01bbd47fc00a2c39e90264f33305004495a9","hash":"9c0df837d0571cef07c8023f3f3ecefa9dd0e8b7"}
,"/Users/magdavicente/project3/Group9-Project3-Frontend/app/(tabs)/ProfileScreen.tsx": {"path":"/Users/magdavicente/project3/Group9-Project3-Frontend/app/(tabs)/ProfileScreen.tsx","statementMap":{"0":{"start":{"line":22,"column":15},"end":{"line":28,"column":1}},"1":{"start":{"line":31,"column":26},"end":{"line":74,"column":1}},"2":{"start":{"line":79,"column":18},"end":{"line":91,"column":1}},"3":{"start":{"line":80,"column":2},"end":{"line":90,"column":3}},"4":{"start":{"line":81,"column":4},"end":{"line":81,"column":41}},"5":{"start":{"line":82,"column":4},"end":{"line":82,"column":36}},"6":{"start":{"line":83,"column":4},"end":{"line":83,"column":21}},"7":{"start":{"line":83,"column":14},"end":{"line":83,"column":21}},"8":{"start":{"line":85,"column":4},"end":{"line":89,"column":5}},"9":{"start":{"line":86,"column":6},"end":{"line":86,"column":67}},"10":{"start":{"line":88,"column":6},"end":{"line":88,"column":34}},"11":{"start":{"line":94,"column":21},"end":{"line":101,"column":1}},"12":{"start":{"line":95,"column":19},"end":{"line":95,"column":29}},"13":{"start":{"line":96,"column":2},"end":{"line":99,"column":3}},"14":{"start":{"line":96,"column":15},"end":{"line":96,"column":34}},"15":{"start":{"line":97,"column":14},"end":{"line":97,"column":49}},"16":{"start":{"line":98,"column":4},"end":{"line":98,"column":60}},"17":{"start":{"line":100,"column":2},"end":{"line":100,"column":18}},"18":{"start":{"line":104,"column":23},"end":{"line":124,"column":1}},"19":{"start":{"line":105,"column":2},"end":{"line":107,"column":3}},"20":{"start":{"line":106,"column":4},"end":{"line":106,"column":39}},"21":{"start":{"line":110,"column":16},"end":{"line":110,"column":74}},"22":{"start":{"line":111,"column":2},"end":{"line":113,"column":3}},"23":{"start":{"line":112,"column":4},"end":{"line":112,"column":39}},"24":{"start":{"line":115,"column":32},"end":{"line":115,"column":37}},"25":{"start":{"line":116,"column":22},"end":{"line":116,"column":46}},"26":{"start":{"line":117,"column":21},"end":{"line":117,"column":40}},"27":{"start":{"line":119,"column":2},"end":{"line":121,"column":3}},"28":{"start":{"line":120,"column":4},"end":{"line":120,"column":54}},"29":{"start":{"line":123,"column":2},"end":{"line":123,"column":37}},"30":{"start":{"line":126,"column":21},"end":{"line":126,"column":72}},"31":{"start":{"line":136,"column":17},"end":{"line":136,"column":28}},"32":{"start":{"line":137,"column":26},"end":{"line":137,"column":53}},"33":{"start":{"line":138,"column":32},"end":{"line":138,"column":46}},"34":{"start":{"line":139,"column":42},"end":{"line":139,"column":53}},"35":{"start":{"line":140,"column":40},"end":{"line":140,"column":51}},"36":{"start":{"line":143,"column":54},"end":{"line":143,"column":69}},"37":{"start":{"line":144,"column":60},"end":{"line":144,"column":75}},"38":{"start":{"line":147,"column":50},"end":{"line":147,"column":82}},"39":{"start":{"line":148,"column":48},"end":{"line":148,"column":67}},"40":{"start":{"line":149,"column":54},"end":{"line":149,"column":65}},"41":{"start":{"line":150,"column":46},"end":{"line":150,"column":65}},"42":{"start":{"line":153,"column":52},"end":{"line":153,"column":64}},"43":{"start":{"line":154,"column":52},"end":{"line":154,"column":64}},"44":{"start":{"line":157,"column":19},"end":{"line":157,"column":56}},"45":{"start":{"line":158,"column":20},"end":{"line":158,"column":57}},"46":{"start":{"line":161,"column":30},"end":{"line":167,"column":3}},"47":{"start":{"line":170,"column":2},"end":{"line":174,"column":9}},"48":{"start":{"line":171,"column":28},"end":{"line":171,"column":69}},"49":{"start":{"line":172,"column":4},"end":{"line":172,"column":40}},"50":{"start":{"line":173,"column":4},"end":{"line":173,"column":42}},"51":{"start":{"line":176,"column":2},"end":{"line":178,"column":9}},"52":{"start":{"line":177,"column":4},"end":{"line":177,"column":19}},"53":{"start":{"line":180,"column":23},"end":{"line":213,"column":3}},"54":{"start":{"line":181,"column":4},"end":{"line":212,"column":5}},"55":{"start":{"line":182,"column":23},"end":{"line":182,"column":57}},"56":{"start":{"line":183,"column":6},"end":{"line":186,"column":7}},"57":{"start":{"line":184,"column":8},"end":{"line":184,"column":39}},"58":{"start":{"line":185,"column":8},"end":{"line":185,"column":15}},"59":{"start":{"line":188,"column":29},"end":{"line":188,"column":49}},"60":{"start":{"line":189,"column":6},"end":{"line":189,"column":24}},"61":{"start":{"line":192,"column":6},"end":{"line":192,"column":59}},"62":{"start":{"line":193,"column":6},"end":{"line":193,"column":59}},"63":{"start":{"line":196,"column":31},"end":{"line":196,"column":90}},"64":{"start":{"line":197,"column":6},"end":{"line":200,"column":7}},"65":{"start":{"line":198,"column":25},"end":{"line":198,"column":54}},"66":{"start":{"line":199,"column":8},"end":{"line":199,"column":41}},"67":{"start":{"line":203,"column":30},"end":{"line":203,"column":83}},"68":{"start":{"line":204,"column":6},"end":{"line":207,"column":7}},"69":{"start":{"line":205,"column":34},"end":{"line":205,"column":62}},"70":{"start":{"line":206,"column":8},"end":{"line":206,"column":39}},"71":{"start":{"line":209,"column":6},"end":{"line":209,"column":55}},"72":{"start":{"line":211,"column":6},"end":{"line":211,"column":24}},"73":{"start":{"line":215,"column":29},"end":{"line":220,"column":3}},"74":{"start":{"line":216,"column":4},"end":{"line":219,"column":17}},"75":{"start":{"line":218,"column":21},"end":{"line":218,"column":65}},"76":{"start":{"line":222,"column":31},"end":{"line":228,"column":3}},"77":{"start":{"line":223,"column":4},"end":{"line":223,"column":34}},"78":{"start":{"line":224,"column":21},"end":{"line":224,"column":62}},"79":{"start":{"line":225,"column":4},"end":{"line":225,"column":33}},"80":{"start":{"line":226,"column":4},"end":{"line":226,"column":29}},"81":{"start":{"line":227,"column":4},"end":{"line":227,"column":35}},"82":{"start":{"line":230,"column":28},"end":{"line":262,"column":3}},"83":{"start":{"line":232,"column":4},"end":{"line":261,"column":7}},"84":{"start":{"line":245,"column":6},"end":{"line":245,"column":17}},"85":{"start":{"line":248,"column":6},"end":{"line":248,"column":58}},"86":{"start":{"line":249,"column":6},"end":{"line":260,"column":17}},"87":{"start":{"line":264,"column":31},"end":{"line":272,"column":3}},"88":{"start":{"line":265,"column":4},"end":{"line":271,"column":5}},"89":{"start":{"line":266,"column":6},"end":{"line":270,"column":9}},"90":{"start":{"line":267,"column":25},"end":{"line":267,"column":47}},"91":{"start":{"line":268,"column":8},"end":{"line":268,"column":40}},"92":{"start":{"line":269,"column":8},"end":{"line":269,"column":53}},"93":{"start":{"line":274,"column":27},"end":{"line":282,"column":3}},"94":{"start":{"line":275,"column":4},"end":{"line":281,"column":5}},"95":{"start":{"line":276,"column":6},"end":{"line":280,"column":9}},"96":{"start":{"line":277,"column":25},"end":{"line":277,"column":47}},"97":{"start":{"line":278,"column":8},"end":{"line":278,"column":40}},"98":{"start":{"line":279,"column":8},"end":{"line":279,"column":53}},"99":{"start":{"line":284,"column":27},"end":{"line":309,"column":3}},"100":{"start":{"line":285,"column":4},"end":{"line":285,"column":22}},"101":{"start":{"line":285,"column":15},"end":{"line":285,"column":22}},"102":{"start":{"line":287,"column":4},"end":{"line":308,"column":5}},"103":{"start":{"line":288,"column":6},"end":{"line":288,"column":23}},"104":{"start":{"line":291,"column":28},"end":{"line":291,"column":87}},"105":{"start":{"line":292,"column":24},"end":{"line":292,"column":114}},"106":{"start":{"line":295,"column":26},"end":{"line":295,"column":68}},"107":{"start":{"line":298,"column":6},"end":{"line":298,"column":27}},"108":{"start":{"line":299,"column":6},"end":{"line":299,"column":70}},"109":{"start":{"line":301,"column":6},"end":{"line":301,"column":35}},"110":{"start":{"line":302,"column":6},"end":{"line":302,"column":59}},"111":{"start":{"line":304,"column":6},"end":{"line":304,"column":53}},"112":{"start":{"line":305,"column":6},"end":{"line":305,"column":71}},"113":{"start":{"line":307,"column":6},"end":{"line":307,"column":24}},"114":{"start":{"line":311,"column":31},"end":{"line":360,"column":3}},"115":{"start":{"line":312,"column":4},"end":{"line":312,"column":22}},"116":{"start":{"line":312,"column":15},"end":{"line":312,"column":22}},"117":{"start":{"line":315,"column":4},"end":{"line":318,"column":5}},"118":{"start":{"line":316,"column":6},"end":{"line":316,"column":67}},"119":{"start":{"line":317,"column":6},"end":{"line":317,"column":13}},"120":{"start":{"line":320,"column":4},"end":{"line":323,"column":5}},"121":{"start":{"line":321,"column":6},"end":{"line":321,"column":67}},"122":{"start":{"line":322,"column":6},"end":{"line":322,"column":13}},"123":{"start":{"line":325,"column":4},"end":{"line":359,"column":5}},"124":{"start":{"line":326,"column":6},"end":{"line":326,"column":23}},"125":{"start":{"line":329,"column":31},"end":{"line":329,"column":57}},"126":{"start":{"line":330,"column":31},"end":{"line":330,"column":57}},"127":{"start":{"line":333,"column":26},"end":{"line":337,"column":7}},"128":{"start":{"line":340,"column":6},"end":{"line":346,"column":8}},"129":{"start":{"line":349,"column":6},"end":{"line":349,"column":27}},"130":{"start":{"line":350,"column":6},"end":{"line":350,"column":70}},"131":{"start":{"line":352,"column":6},"end":{"line":352,"column":38}},"132":{"start":{"line":353,"column":6},"end":{"line":353,"column":82}},"133":{"start":{"line":355,"column":6},"end":{"line":355,"column":57}},"134":{"start":{"line":356,"column":6},"end":{"line":356,"column":75}},"135":{"start":{"line":358,"column":6},"end":{"line":358,"column":24}},"136":{"start":{"line":362,"column":23},"end":{"line":365,"column":3}},"137":{"start":{"line":363,"column":4},"end":{"line":363,"column":42}},"138":{"start":{"line":364,"column":4},"end":{"line":364,"column":35}},"139":{"start":{"line":367,"column":26},"end":{"line":369,"column":3}},"140":{"start":{"line":368,"column":4},"end":{"line":368,"column":32}},"141":{"start":{"line":371,"column":29},"end":{"line":376,"column":3}},"142":{"start":{"line":373,"column":4},"end":{"line":373,"column":54}},"143":{"start":{"line":374,"column":4},"end":{"line":374,"column":54}},"144":{"start":{"line":375,"column":4},"end":{"line":375,"column":35}},"145":{"start":{"line":378,"column":2},"end":{"line":380,"column":3}},"146":{"start":{"line":379,"column":4},"end":{"line":379,"column":16}},"147":{"start":{"line":382,"column":2},"end":{"line":620,"column":4}},"148":{"start":{"line":444,"column":30},"end":{"line":444,"column":58}},"149":{"start":{"line":453,"column":16},"end":{"line":469,"column":35}},"150":{"start":{"line":459,"column":33},"end":{"line":459,"column":63}},"151":{"start":{"line":523,"column":31},"end":{"line":523,"column":59}},"152":{"start":{"line":543,"column":30},"end":{"line":543,"column":61}},"153":{"start":{"line":554,"column":20},"end":{"line":570,"column":39}},"154":{"start":{"line":560,"column":37},"end":{"line":560,"column":68}},"155":{"start":{"line":579,"column":20},"end":{"line":595,"column":39}},"156":{"start":{"line":585,"column":37},"end":{"line":585,"column":68}},"157":{"start":{"line":604,"column":31},"end":{"line":604,"column":62}},"158":{"start":{"line":623,"column":15},"end":{"line":891,"column":2}}},"fnMap":{"0":{"name":"(anonymous_0)","decl":{"start":{"line":79,"column":18},"end":{"line":79,"column":19}},"loc":{"start":{"line":79,"column":73},"end":{"line":91,"column":1}},"line":79},"1":{"name":"(anonymous_1)","decl":{"start":{"line":94,"column":21},"end":{"line":94,"column":22}},"loc":{"start":{"line":94,"column":46},"end":{"line":101,"column":1}},"line":94},"2":{"name":"(anonymous_2)","decl":{"start":{"line":104,"column":23},"end":{"line":104,"column":24}},"loc":{"start":{"line":104,"column":48},"end":{"line":124,"column":1}},"line":104},"3":{"name":"ProfileScreen","decl":{"start":{"line":135,"column":24},"end":{"line":135,"column":37}},"loc":{"start":{"line":135,"column":40},"end":{"line":621,"column":1}},"line":135},"4":{"name":"(anonymous_4)","decl":{"start":{"line":170,"column":12},"end":{"line":170,"column":13}},"loc":{"start":{"line":170,"column":18},"end":{"line":174,"column":3}},"line":170},"5":{"name":"(anonymous_5)","decl":{"start":{"line":176,"column":12},"end":{"line":176,"column":13}},"loc":{"start":{"line":176,"column":18},"end":{"line":178,"column":3}},"line":176},"6":{"name":"(anonymous_6)","decl":{"start":{"line":180,"column":23},"end":{"line":180,"column":24}},"loc":{"start":{"line":180,"column":35},"end":{"line":213,"column":3}},"line":180},"7":{"name":"(anonymous_7)","decl":{"start":{"line":215,"column":29},"end":{"line":215,"column":30}},"loc":{"start":{"line":215,"column":59},"end":{"line":220,"column":3}},"line":215},"8":{"name":"(anonymous_8)","decl":{"start":{"line":218,"column":11},"end":{"line":218,"column":12}},"loc":{"start":{"line":218,"column":21},"end":{"line":218,"column":65}},"line":218},"9":{"name":"(anonymous_9)","decl":{"start":{"line":222,"column":31},"end":{"line":222,"column":32}},"loc":{"start":{"line":222,"column":59},"end":{"line":228,"column":3}},"line":222},"10":{"name":"(anonymous_10)","decl":{"start":{"line":230,"column":28},"end":{"line":230,"column":29}},"loc":{"start":{"line":230,"column":83},"end":{"line":262,"column":3}},"line":230},"11":{"name":"(anonymous_11)","decl":{"start":{"line":243,"column":13},"end":{"line":243,"column":14}},"loc":{"start":{"line":243,"column":19},"end":{"line":261,"column":5}},"line":243},"12":{"name":"(anonymous_12)","decl":{"start":{"line":264,"column":31},"end":{"line":264,"column":32}},"loc":{"start":{"line":264,"column":37},"end":{"line":272,"column":3}},"line":264},"13":{"name":"(anonymous_13)","decl":{"start":{"line":266,"column":33},"end":{"line":266,"column":34}},"loc":{"start":{"line":266,"column":39},"end":{"line":270,"column":7}},"line":266},"14":{"name":"(anonymous_14)","decl":{"start":{"line":274,"column":27},"end":{"line":274,"column":28}},"loc":{"start":{"line":274,"column":33},"end":{"line":282,"column":3}},"line":274},"15":{"name":"(anonymous_15)","decl":{"start":{"line":276,"column":32},"end":{"line":276,"column":33}},"loc":{"start":{"line":276,"column":38},"end":{"line":280,"column":7}},"line":276},"16":{"name":"(anonymous_16)","decl":{"start":{"line":284,"column":27},"end":{"line":284,"column":28}},"loc":{"start":{"line":284,"column":39},"end":{"line":309,"column":3}},"line":284},"17":{"name":"(anonymous_17)","decl":{"start":{"line":311,"column":31},"end":{"line":311,"column":32}},"loc":{"start":{"line":311,"column":43},"end":{"line":360,"column":3}},"line":311},"18":{"name":"(anonymous_18)","decl":{"start":{"line":362,"column":23},"end":{"line":362,"column":24}},"loc":{"start":{"line":362,"column":35},"end":{"line":365,"column":3}},"line":362},"19":{"name":"(anonymous_19)","decl":{"start":{"line":367,"column":26},"end":{"line":367,"column":27}},"loc":{"start":{"line":367,"column":32},"end":{"line":369,"column":3}},"line":367},"20":{"name":"(anonymous_20)","decl":{"start":{"line":371,"column":29},"end":{"line":371,"column":30}},"loc":{"start":{"line":371,"column":35},"end":{"line":376,"column":3}},"line":371},"21":{"name":"(anonymous_21)","decl":{"start":{"line":444,"column":24},"end":{"line":444,"column":25}},"loc":{"start":{"line":444,"column":30},"end":{"line":444,"column":58}},"line":444},"22":{"name":"(anonymous_22)","decl":{"start":{"line":452,"column":70},"end":{"line":452,"column":71}},"loc":{"start":{"line":453,"column":16},"end":{"line":469,"column":35}},"line":453},"23":{"name":"(anonymous_23)","decl":{"start":{"line":459,"column":27},"end":{"line":459,"column":28}},"loc":{"start":{"line":459,"column":33},"end":{"line":459,"column":63}},"line":459},"24":{"name":"(anonymous_24)","decl":{"start":{"line":523,"column":25},"end":{"line":523,"column":26}},"loc":{"start":{"line":523,"column":31},"end":{"line":523,"column":59}},"line":523},"25":{"name":"(anonymous_25)","decl":{"start":{"line":543,"column":24},"end":{"line":543,"column":25}},"loc":{"start":{"line":543,"column":30},"end":{"line":543,"column":61}},"line":543},"26":{"name":"(anonymous_26)","decl":{"start":{"line":553,"column":43},"end":{"line":553,"column":44}},"loc":{"start":{"line":554,"column":20},"end":{"line":570,"column":39}},"line":554},"27":{"name":"(anonymous_27)","decl":{"start":{"line":560,"column":31},"end":{"line":560,"column":32}},"loc":{"start":{"line":560,"column":37},"end":{"line":560,"column":68}},"line":560},"28":{"name":"(anonymous_28)","decl":{"start":{"line":578,"column":43},"end":{"line":578,"column":44}},"loc":{"start":{"line":579,"column":20},"end":{"line":595,"column":39}},"line":579},"29":{"name":"(anonymous_29)","decl":{"start":{"line":585,"column":31},"end":{"line":585,"column":32}},"loc":{"start":{"line":585,"column":37},"end":{"line":585,"column":68}},"line":585},"30":{"name":"(anonymous_30)","decl":{"start":{"line":604,"column":25},"end":{"line":604,"column":26}},"loc":{"start":{"line":604,"column":31},"end":{"line":604,"column":62}},"line":604}},"branchMap":{"0":{"loc":{"start":{"line":80,"column":2},"end":{"line":90,"column":3}},"type":"if","locations":[{"start":{"line":80,"column":2},"end":{"line":90,"column":3}},{"start":{"line":84,"column":9},"end":{"line":90,"column":3}}],"line":80},"1":{"loc":{"start":{"line":83,"column":4},"end":{"line":83,"column":21}},"type":"if","locations":[{"start":{"line":83,"column":4},"end":{"line":83,"column":21}},{"start":{},"end":{}}],"line":83},"2":{"loc":{"start":{"line":85,"column":4},"end":{"line":89,"column":5}},"type":"if","locations":[{"start":{"line":85,"column":4},"end":{"line":89,"column":5}},{"start":{"line":87,"column":11},"end":{"line":89,"column":5}}],"line":85},"3":{"loc":{"start":{"line":105,"column":2},"end":{"line":107,"column":3}},"type":"if","locations":[{"start":{"line":105,"column":2},"end":{"line":107,"column":3}},{"start":{},"end":{}}],"line":105},"4":{"loc":{"start":{"line":111,"column":2},"end":{"line":113,"column":3}},"type":"if","locations":[{"start":{"line":111,"column":2},"end":{"line":113,"column":3}},{"start":{},"end":{}}],"line":111},"5":{"loc":{"start":{"line":119,"column":2},"end":{"line":121,"column":3}},"type":"if","locations":[{"start":{"line":119,"column":2},"end":{"line":121,"column":3}},{"start":{},"end":{}}],"line":119},"6":{"loc":{"start":{"line":119,"column":6},"end":{"line":119,"column":82}},"type":"binary-expr","locations":[{"start":{"line":119,"column":6},"end":{"line":119,"column":36}},{"start":{"line":119,"column":40},"end":{"line":119,"column":82}}],"line":119},"7":{"loc":{"start":{"line":183,"column":6},"end":{"line":186,"column":7}},"type":"if","locations":[{"start":{"line":183,"column":6},"end":{"line":186,"column":7}},{"start":{},"end":{}}],"line":183},"8":{"loc":{"start":{"line":192,"column":27},"end":{"line":192,"column":57}},"type":"binary-expr","locations":[{"start":{"line":192,"column":27},"end":{"line":192,"column":51}},{"start":{"line":192,"column":55},"end":{"line":192,"column":57}}],"line":192},"9":{"loc":{"start":{"line":193,"column":27},"end":{"line":193,"column":57}},"type":"binary-expr","locations":[{"start":{"line":193,"column":27},"end":{"line":193,"column":51}},{"start":{"line":193,"column":55},"end":{"line":193,"column":57}}],"line":193},"10":{"loc":{"start":{"line":197,"column":6},"end":{"line":200,"column":7}},"type":"if","locations":[{"start":{"line":197,"column":6},"end":{"line":200,"column":7}},{"start":{},"end":{}}],"line":197},"11":{"loc":{"start":{"line":204,"column":6},"end":{"line":207,"column":7}},"type":"if","locations":[{"start":{"line":204,"column":6},"end":{"line":207,"column":7}},{"start":{},"end":{}}],"line":204},"12":{"loc":{"start":{"line":239,"column":17},"end":{"line":239,"column":48}},"type":"cond-expr","locations":[{"start":{"line":239,"column":40},"end":{"line":239,"column":43}},{"start":{"line":239,"column":46},"end":{"line":239,"column":48}}],"line":239},"13":{"loc":{"start":{"line":248,"column":25},"end":{"line":248,"column":56}},"type":"cond-expr","locations":[{"start":{"line":248,"column":48},"end":{"line":248,"column":50}},{"start":{"line":248,"column":53},"end":{"line":248,"column":56}}],"line":248},"14":{"loc":{"start":{"line":265,"column":4},"end":{"line":271,"column":5}},"type":"if","locations":[{"start":{"line":265,"column":4},"end":{"line":271,"column":5}},{"start":{},"end":{}}],"line":265},"15":{"loc":{"start":{"line":275,"column":4},"end":{"line":281,"column":5}},"type":"if","locations":[{"start":{"line":275,"column":4},"end":{"line":281,"column":5}},{"start":{},"end":{}}],"line":275},"16":{"loc":{"start":{"line":285,"column":4},"end":{"line":285,"column":22}},"type":"if","locations":[{"start":{"line":285,"column":4},"end":{"line":285,"column":22}},{"start":{},"end":{}}],"line":285},"17":{"loc":{"start":{"line":312,"column":4},"end":{"line":312,"column":22}},"type":"if","locations":[{"start":{"line":312,"column":4},"end":{"line":312,"column":22}},{"start":{},"end":{}}],"line":312},"18":{"loc":{"start":{"line":315,"column":4},"end":{"line":318,"column":5}},"type":"if","locations":[{"start":{"line":315,"column":4},"end":{"line":318,"column":5}},{"start":{},"end":{}}],"line":315},"19":{"loc":{"start":{"line":315,"column":8},"end":{"line":315,"column":48}},"type":"binary-expr","locations":[{"start":{"line":315,"column":8},"end":{"line":315,"column":26}},{"start":{"line":315,"column":30},"end":{"line":315,"column":48}}],"line":315},"20":{"loc":{"start":{"line":320,"column":4},"end":{"line":323,"column":5}},"type":"if","locations":[{"start":{"line":320,"column":4},"end":{"line":323,"column":5}},{"start":{},"end":{}}],"line":320},"21":{"loc":{"start":{"line":329,"column":31},"end":{"line":329,"column":57}},"type":"binary-expr","locations":[{"start":{"line":329,"column":31},"end":{"line":329,"column":51}},{"start":{"line":329,"column":55},"end":{"line":329,"column":57}}],"line":329},"22":{"loc":{"start":{"line":330,"column":31},"end":{"line":330,"column":57}},"type":"binary-expr","locations":[{"start":{"line":330,"column":31},"end":{"line":330,"column":51}},{"start":{"line":330,"column":55},"end":{"line":330,"column":57}}],"line":330},"23":{"loc":{"start":{"line":373,"column":25},"end":{"line":373,"column":52}},"type":"binary-expr","locations":[{"start":{"line":373,"column":25},"end":{"line":373,"column":46}},{"start":{"line":373,"column":50},"end":{"line":373,"column":52}}],"line":373},"24":{"loc":{"start":{"line":374,"column":25},"end":{"line":374,"column":52}},"type":"binary-expr","locations":[{"start":{"line":374,"column":25},"end":{"line":374,"column":46}},{"start":{"line":374,"column":50},"end":{"line":374,"column":52}}],"line":374},"25":{"loc":{"start":{"line":378,"column":2},"end":{"line":380,"column":3}},"type":"if","locations":[{"start":{"line":378,"column":2},"end":{"line":380,"column":3}},{"start":{},"end":{}}],"line":378},"26":{"loc":{"start":{"line":408,"column":17},"end":{"line":408,"column":92}},"type":"cond-expr","locations":[{"start":{"line":408,"column":40},"end":{"line":408,"column":80}},{"start":{"line":408,"column":83},"end":{"line":408,"column":92}}],"line":408},"27":{"loc":{"start":{"line":414,"column":17},"end":{"line":414,"column":92}},"type":"cond-expr","locations":[{"start":{"line":414,"column":40},"end":{"line":414,"column":80}},{"start":{"line":414,"column":83},"end":{"line":414,"column":92}}],"line":414},"28":{"loc":{"start":{"line":457,"column":20},"end":{"line":457,"column":88}},"type":"binary-expr","locations":[{"start":{"line":457,"column":20},"end":{"line":457,"column":49}},{"start":{"line":457,"column":53},"end":{"line":457,"column":88}}],"line":457},"29":{"loc":{"start":{"line":464,"column":22},"end":{"line":464,"column":94}},"type":"binary-expr","locations":[{"start":{"line":464,"column":22},"end":{"line":464,"column":51}},{"start":{"line":464,"column":55},"end":{"line":464,"column":94}}],"line":464},"30":{"loc":{"start":{"line":474,"column":13},"end":{"line":518,"column":13}},"type":"binary-expr","locations":[{"start":{"line":474,"column":13},"end":{"line":474,"column":29}},{"start":{"line":474,"column":33},"end":{"line":474,"column":59}},{"start":{"line":475,"column":14},"end":{"line":517,"column":21}}],"line":474},"31":{"loc":{"start":{"line":479,"column":20},"end":{"line":479,"column":78}},"type":"binary-expr","locations":[{"start":{"line":479,"column":20},"end":{"line":479,"column":44}},{"start":{"line":479,"column":48},"end":{"line":479,"column":78}}],"line":479},"32":{"loc":{"start":{"line":509,"column":20},"end":{"line":510,"column":52}},"type":"binary-expr","locations":[{"start":{"line":509,"column":20},"end":{"line":509,"column":69}},{"start":{"line":510,"column":22},"end":{"line":510,"column":52}}],"line":509},"33":{"loc":{"start":{"line":558,"column":24},"end":{"line":558,"column":88}},"type":"binary-expr","locations":[{"start":{"line":558,"column":24},"end":{"line":558,"column":55}},{"start":{"line":558,"column":59},"end":{"line":558,"column":88}}],"line":558},"34":{"loc":{"start":{"line":565,"column":26},"end":{"line":565,"column":94}},"type":"binary-expr","locations":[{"start":{"line":565,"column":26},"end":{"line":565,"column":57}},{"start":{"line":565,"column":61},"end":{"line":565,"column":94}}],"line":565},"35":{"loc":{"start":{"line":583,"column":24},"end":{"line":583,"column":88}},"type":"binary-expr","locations":[{"start":{"line":583,"column":24},"end":{"line":583,"column":55}},{"start":{"line":583,"column":59},"end":{"line":583,"column":88}}],"line":583},"36":{"loc":{"start":{"line":590,"column":26},"end":{"line":590,"column":94}},"type":"binary-expr","locations":[{"start":{"line":590,"column":26},"end":{"line":590,"column":57}},{"start":{"line":590,"column":61},"end":{"line":590,"column":94}}],"line":590}},"s":{"0":1,"1":1,"2":1,"3":4,"4":0,"5":0,"6":0,"7":0,"8":4,"9":0,"10":4,"11":1,"12":8,"13":8,"14":8,"15":88,"16":88,"17":8,"18":1,"19":20,"20":19,"21":1,"22":1,"23":0,"24":1,"25":1,"26":1,"27":1,"28":1,"29":0,"30":1,"31":37,"32":37,"33":37,"34":37,"35":37,"36":37,"37":37,"38":37,"39":37,"40":37,"41":37,"42":37,"43":37,"44":37,"45":37,"46":37,"47":37,"48":8,"49":8,"50":8,"51":37,"52":8,"53":37,"54":8,"55":8,"56":8,"57":1,"58":1,"59":7,"60":7,"61":7,"62":7,"63":7,"64":7,"65":7,"66":7,"67":7,"68":7,"69":7,"70":7,"71":0,"72":8,"73":37,"74":28,"75":37,"76":37,"77":0,"78":0,"79":0,"80":0,"81":0,"82":37,"83":0,"84":0,"85":0,"86":0,"87":37,"88":0,"89":0,"90":0,"91":0,"92":0,"93":37,"94":0,"95":0,"96":0,"97":0,"98":0,"99":37,"100":1,"101":0,"102":1,"103":1,"104":1,"105":1,"106":1,"107":1,"108":1,"109":1,"110":1,"111":0,"112":0,"113":1,"114":37,"115":3,"116":0,"117":3,"118":1,"119":1,"120":2,"121":1,"122":1,"123":1,"124":1,"125":1,"126":1,"127":1,"128":1,"129":1,"130":1,"131":1,"132":1,"133":0,"134":0,"135":1,"136":37,"137":1,"138":1,"139":37,"140":2,"141":37,"142":3,"143":3,"144":3,"145":37,"146":17,"147":20,"148":0,"149":100,"150":0,"151":0,"152":0,"153":100,"154":2,"155":100,"156":2,"157":0,"158":1},"f":{"0":4,"1":8,"2":20,"3":37,"4":8,"5":8,"6":8,"7":28,"8":37,"9":0,"10":0,"11":0,"12":0,"13":0,"14":0,"15":0,"16":1,"17":3,"18":1,"19":2,"20":3,"21":0,"22":100,"23":0,"24":0,"25":0,"26":100,"27":2,"28":100,"29":2,"30":0},"b":{"0":[0,4],"1":[0,0],"2":[0,4],"3":[19,1],"4":[0,1],"5":[1,0],"6":[1,1],"7":[1,7],"8":[7,2],"9":[7,2],"10":[7,0],"11":[7,0],"12":[0,0],"13":[0,0],"14":[0,0],"15":[0,0],"16":[0,1],"17":[0,3],"18":[1,2],"19":[3,2],"20":[1,1],"21":[1,0],"22":[1,0],"23":[3,2],"24":[3,2],"25":[17,20],"26":[14,6],"27":[14,6],"28":[100,20],"29":[100,20],"30":[20,20,20],"31":[20,20],"32":[20,0],"33":[100,16],"34":[100,16],"35":[100,15],"36":[100,15]},"_coverageSchema":"1a1c01bbd47fc00a2c39e90264f33305004495a9","hash":"144ff6ea73b5a0effe3d9f87453b0e9d68695d81"}
,"/Users/magdavicente/project3/Group9-Project3-Frontend/app/(tabs)/VisitedPlacesScreen.tsx": {"path":"/Users/magdavicente/project3/Group9-Project3-Frontend/app/(tabs)/VisitedPlacesScreen.tsx","statementMap":{"0":{"start":{"line":8,"column":15},"end":{"line":14,"column":1}},"1":{"start":{"line":21,"column":34},"end":{"line":21,"column":66}},"2":{"start":{"line":22,"column":32},"end":{"line":22,"column":46}},"3":{"start":{"line":23,"column":38},"end":{"line":23,"column":53}},"4":{"start":{"line":24,"column":17},"end":{"line":24,"column":28}},"5":{"start":{"line":26,"column":2},"end":{"line":28,"column":9}},"6":{"start":{"line":27,"column":4},"end":{"line":27,"column":19}},"7":{"start":{"line":30,"column":23},"end":{"line":72,"column":3}},"8":{"start":{"line":31,"column":4},"end":{"line":71,"column":5}},"9":{"start":{"line":33,"column":23},"end":{"line":33,"column":57}},"10":{"start":{"line":34,"column":6},"end":{"line":38,"column":7}},"11":{"start":{"line":35,"column":8},"end":{"line":35,"column":48}},"12":{"start":{"line":36,"column":8},"end":{"line":36,"column":24}},"13":{"start":{"line":37,"column":8},"end":{"line":37,"column":15}},"14":{"start":{"line":40,"column":25},"end":{"line":40,"column":45}},"15":{"start":{"line":41,"column":6},"end":{"line":45,"column":7}},"16":{"start":{"line":42,"column":8},"end":{"line":42,"column":38}},"17":{"start":{"line":43,"column":8},"end":{"line":43,"column":24}},"18":{"start":{"line":44,"column":8},"end":{"line":44,"column":15}},"19":{"start":{"line":48,"column":27},"end":{"line":48,"column":57}},"20":{"start":{"line":51,"column":33},"end":{"line":61,"column":7}},"21":{"start":{"line":53,"column":10},"end":{"line":59,"column":11}},"22":{"start":{"line":54,"column":26},"end":{"line":54,"column":63}},"23":{"start":{"line":55,"column":12},"end":{"line":55,"column":41}},"24":{"start":{"line":57,"column":12},"end":{"line":57,"column":75}},"25":{"start":{"line":58,"column":12},"end":{"line":58,"column":27}},"26":{"start":{"line":63,"column":6},"end":{"line":63,"column":38}},"27":{"start":{"line":65,"column":6},"end":{"line":65,"column":53}},"28":{"start":{"line":66,"column":6},"end":{"line":66,"column":79}},"29":{"start":{"line":67,"column":6},"end":{"line":67,"column":22}},"30":{"start":{"line":69,"column":6},"end":{"line":69,"column":24}},"31":{"start":{"line":70,"column":6},"end":{"line":70,"column":27}},"32":{"start":{"line":74,"column":24},"end":{"line":77,"column":3}},"33":{"start":{"line":75,"column":4},"end":{"line":75,"column":24}},"34":{"start":{"line":76,"column":4},"end":{"line":76,"column":19}},"35":{"start":{"line":79,"column":21},"end":{"line":98,"column":3}},"36":{"start":{"line":80,"column":17},"end":{"line":80,"column":36}},"37":{"start":{"line":81,"column":16},"end":{"line":81,"column":26}},"38":{"start":{"line":82,"column":19},"end":{"line":82,"column":49}},"39":{"start":{"line":83,"column":21},"end":{"line":83,"column":63}},"40":{"start":{"line":85,"column":4},"end":{"line":97,"column":1}},"41":{"start":{"line":86,"column":6},"end":{"line":86,"column":21}},"42":{"start":{"line":87,"column":11},"end":{"line":97,"column":1}},"43":{"start":{"line":88,"column":6},"end":{"line":88,"column":25}},"44":{"start":{"line":89,"column":11},"end":{"line":97,"column":1}},"45":{"start":{"line":90,"column":6},"end":{"line":90,"column":36}},"46":{"start":{"line":92,"column":6},"end":{"line":96,"column":7}},"47":{"start":{"line":100,"column":29},"end":{"line":105,"column":3}},"48":{"start":{"line":101,"column":4},"end":{"line":104,"column":17}},"49":{"start":{"line":103,"column":21},"end":{"line":103,"column":65}},"50":{"start":{"line":107,"column":2},"end":{"line":135,"column":3}},"51":{"start":{"line":108,"column":4},"end":{"line":134,"column":6}},"52":{"start":{"line":127,"column":27},"end":{"line":127,"column":60}},"53":{"start":{"line":137,"column":2},"end":{"line":205,"column":4}},"54":{"start":{"line":150,"column":32},"end":{"line":150,"column":39}},"55":{"start":{"line":152,"column":10},"end":{"line":191,"column":29}},"56":{"start":{"line":154,"column":27},"end":{"line":154,"column":80}},"57":{"start":{"line":208,"column":15},"end":{"line":374,"column":2}}},"fnMap":{"0":{"name":"VisitedPlacesScreen","decl":{"start":{"line":20,"column":24},"end":{"line":20,"column":43}},"loc":{"start":{"line":20,"column":46},"end":{"line":206,"column":1}},"line":20},"1":{"name":"(anonymous_1)","decl":{"start":{"line":26,"column":12},"end":{"line":26,"column":13}},"loc":{"start":{"line":26,"column":18},"end":{"line":28,"column":3}},"line":26},"2":{"name":"(anonymous_2)","decl":{"start":{"line":30,"column":23},"end":{"line":30,"column":24}},"loc":{"start":{"line":30,"column":35},"end":{"line":72,"column":3}},"line":30},"3":{"name":"(anonymous_3)","decl":{"start":{"line":52,"column":25},"end":{"line":52,"column":26}},"loc":{"start":{"line":52,"column":44},"end":{"line":60,"column":9}},"line":52},"4":{"name":"(anonymous_4)","decl":{"start":{"line":74,"column":24},"end":{"line":74,"column":25}},"loc":{"start":{"line":74,"column":30},"end":{"line":77,"column":3}},"line":74},"5":{"name":"(anonymous_5)","decl":{"start":{"line":79,"column":21},"end":{"line":79,"column":22}},"loc":{"start":{"line":79,"column":52},"end":{"line":98,"column":3}},"line":79},"6":{"name":"(anonymous_6)","decl":{"start":{"line":100,"column":29},"end":{"line":100,"column":30}},"loc":{"start":{"line":100,"column":59},"end":{"line":105,"column":3}},"line":100},"7":{"name":"(anonymous_7)","decl":{"start":{"line":103,"column":11},"end":{"line":103,"column":12}},"loc":{"start":{"line":103,"column":21},"end":{"line":103,"column":65}},"line":103},"8":{"name":"(anonymous_8)","decl":{"start":{"line":127,"column":21},"end":{"line":127,"column":22}},"loc":{"start":{"line":127,"column":27},"end":{"line":127,"column":60}},"line":127},"9":{"name":"(anonymous_9)","decl":{"start":{"line":150,"column":22},"end":{"line":150,"column":23}},"loc":{"start":{"line":150,"column":32},"end":{"line":150,"column":39}},"line":150},"10":{"name":"(anonymous_10)","decl":{"start":{"line":151,"column":20},"end":{"line":151,"column":21}},"loc":{"start":{"line":152,"column":10},"end":{"line":191,"column":29}},"line":152},"11":{"name":"(anonymous_11)","decl":{"start":{"line":154,"column":21},"end":{"line":154,"column":22}},"loc":{"start":{"line":154,"column":27},"end":{"line":154,"column":80}},"line":154}},"branchMap":{"0":{"loc":{"start":{"line":34,"column":6},"end":{"line":38,"column":7}},"type":"if","locations":[{"start":{"line":34,"column":6},"end":{"line":38,"column":7}},{"start":{},"end":{}}],"line":34},"1":{"loc":{"start":{"line":41,"column":6},"end":{"line":45,"column":7}},"type":"if","locations":[{"start":{"line":41,"column":6},"end":{"line":45,"column":7}},{"start":{},"end":{}}],"line":41},"2":{"loc":{"start":{"line":85,"column":4},"end":{"line":97,"column":1}},"type":"if","locations":[{"start":{"line":85,"column":4},"end":{"line":97,"column":1}},{"start":{"line":87,"column":11},"end":{"line":97,"column":1}}],"line":85},"3":{"loc":{"start":{"line":87,"column":11},"end":{"line":97,"column":1}},"type":"if","locations":[{"start":{"line":87,"column":11},"end":{"line":97,"column":1}},{"start":{"line":89,"column":11},"end":{"line":97,"column":1}}],"line":87},"4":{"loc":{"start":{"line":89,"column":11},"end":{"line":97,"column":1}},"type":"if","locations":[{"start":{"line":89,"column":11},"end":{"line":97,"column":1}},{"start":{"line":91,"column":11},"end":{"line":97,"column":1}}],"line":89},"5":{"loc":{"start":{"line":95,"column":12},"end":{"line":95,"column":76}},"type":"cond-expr","locations":[{"start":{"line":95,"column":55},"end":{"line":95,"column":64}},{"start":{"line":95,"column":67},"end":{"line":95,"column":76}}],"line":95},"6":{"loc":{"start":{"line":107,"column":2},"end":{"line":135,"column":3}},"type":"if","locations":[{"start":{"line":107,"column":2},"end":{"line":135,"column":3}},{"start":{},"end":{}}],"line":107},"7":{"loc":{"start":{"line":154,"column":27},"end":{"line":154,"column":80}},"type":"binary-expr","locations":[{"start":{"line":154,"column":27},"end":{"line":154,"column":37}},{"start":{"line":154,"column":41},"end":{"line":154,"column":80}}],"line":154},"8":{"loc":{"start":{"line":156,"column":13},"end":{"line":162,"column":13}},"type":"binary-expr","locations":[{"start":{"line":156,"column":13},"end":{"line":156,"column":26}},{"start":{"line":157,"column":14},"end":{"line":161,"column":16}}],"line":156},"9":{"loc":{"start":{"line":168,"column":21},"end":{"line":168,"column":56}},"type":"binary-expr","locations":[{"start":{"line":168,"column":21},"end":{"line":168,"column":37}},{"start":{"line":168,"column":41},"end":{"line":168,"column":56}}],"line":168},"10":{"loc":{"start":{"line":171,"column":19},"end":{"line":177,"column":19}},"type":"binary-expr","locations":[{"start":{"line":171,"column":19},"end":{"line":171,"column":29}},{"start":{"line":172,"column":20},"end":{"line":176,"column":23}}],"line":171},"11":{"loc":{"start":{"line":185,"column":15},"end":{"line":189,"column":15}},"type":"binary-expr","locations":[{"start":{"line":185,"column":15},"end":{"line":185,"column":38}},{"start":{"line":186,"column":16},"end":{"line":188,"column":23}}],"line":185}},"s":{"0":1,"1":14,"2":14,"3":14,"4":14,"5":14,"6":6,"7":14,"8":7,"9":7,"10":7,"11":0,"12":0,"13":0,"14":7,"15":7,"16":0,"17":0,"18":0,"19":7,"20":6,"21":7,"22":7,"23":7,"24":0,"25":0,"26":6,"27":1,"28":1,"29":1,"30":7,"31":7,"32":14,"33":1,"34":1,"35":14,"36":8,"37":8,"38":8,"39":8,"40":8,"41":1,"42":7,"43":1,"44":6,"45":1,"46":5,"47":14,"48":8,"49":8,"50":14,"51":8,"52":0,"53":6,"54":12,"55":8,"56":1,"57":1},"f":{"0":14,"1":6,"2":7,"3":7,"4":1,"5":8,"6":8,"7":8,"8":0,"9":12,"10":8,"11":1},"b":{"0":[0,7],"1":[0,7],"2":[1,7],"3":[1,6],"4":[1,5],"5":[4,1],"6":[8,6],"7":[1,1],"8":[8,1],"9":[8,0],"10":[8,8],"11":[8,8]},"_coverageSchema":"1a1c01bbd47fc00a2c39e90264f33305004495a9","hash":"533cf53c7aa0096cf000fff11306041535f55a59"}
,"/Users/magdavicente/project3/Group9-Project3-Frontend/app/(tabs)/friends.tsx": {"path":"/Users/magdavicente/project3/Group9-Project3-Frontend/app/(tabs)/friends.tsx","statementMap":{"0":{"start":{"line":7,"column":21},"end":{"line":7,"column":72}},"1":{"start":{"line":25,"column":32},"end":{"line":25,"column":54}},"2":{"start":{"line":26,"column":32},"end":{"line":26,"column":54}},"3":{"start":{"line":27,"column":34},"end":{"line":27,"column":56}},"4":{"start":{"line":28,"column":32},"end":{"line":28,"column":54}},"5":{"start":{"line":29,"column":32},"end":{"line":29,"column":46}},"6":{"start":{"line":30,"column":28},"end":{"line":30,"column":57}},"7":{"start":{"line":31,"column":30},"end":{"line":31,"column":59}},"8":{"start":{"line":32,"column":46},"end":{"line":32,"column":58}},"9":{"start":{"line":34,"column":2},"end":{"line":43,"column":9}},"10":{"start":{"line":35,"column":21},"end":{"line":41,"column":5}},"11":{"start":{"line":36,"column":23},"end":{"line":36,"column":57}},"12":{"start":{"line":37,"column":6},"end":{"line":40,"column":7}},"13":{"start":{"line":38,"column":21},"end":{"line":38,"column":41}},"14":{"start":{"line":39,"column":8},"end":{"line":39,"column":27}},"15":{"start":{"line":42,"column":4},"end":{"line":42,"column":15}},"16":{"start":{"line":45,"column":23},"end":{"line":92,"column":3}},"17":{"start":{"line":46,"column":4},"end":{"line":46,"column":24}},"18":{"start":{"line":46,"column":17},"end":{"line":46,"column":24}},"19":{"start":{"line":47,"column":4},"end":{"line":91,"column":5}},"20":{"start":{"line":49,"column":24},"end":{"line":49,"column":72}},"21":{"start":{"line":50,"column":24},"end":{"line":50,"column":77}},"22":{"start":{"line":51,"column":24},"end":{"line":51,"column":81}},"23":{"start":{"line":52,"column":24},"end":{"line":52,"column":80}},"24":{"start":{"line":54,"column":22},"end":{"line":54,"column":49}},"25":{"start":{"line":55,"column":22},"end":{"line":55,"column":49}},"26":{"start":{"line":56,"column":23},"end":{"line":56,"column":50}},"27":{"start":{"line":57,"column":22},"end":{"line":57,"column":49}},"28":{"start":{"line":59,"column":6},"end":{"line":63,"column":7}},"29":{"start":{"line":59,"column":19},"end":{"line":59,"column":20}},"30":{"start":{"line":60,"column":29},"end":{"line":60,"column":91}},"31":{"start":{"line":61,"column":21},"end":{"line":61,"column":46}},"32":{"start":{"line":62,"column":8},"end":{"line":62,"column":44}},"33":{"start":{"line":65,"column":6},"end":{"line":69,"column":7}},"34":{"start":{"line":65,"column":19},"end":{"line":65,"column":20}},"35":{"start":{"line":66,"column":29},"end":{"line":66,"column":91}},"36":{"start":{"line":67,"column":21},"end":{"line":67,"column":46}},"37":{"start":{"line":68,"column":8},"end":{"line":68,"column":44}},"38":{"start":{"line":71,"column":6},"end":{"line":75,"column":7}},"39":{"start":{"line":71,"column":19},"end":{"line":71,"column":20}},"40":{"start":{"line":72,"column":29},"end":{"line":72,"column":92}},"41":{"start":{"line":73,"column":21},"end":{"line":73,"column":46}},"42":{"start":{"line":74,"column":8},"end":{"line":74,"column":45}},"43":{"start":{"line":77,"column":6},"end":{"line":81,"column":7}},"44":{"start":{"line":77,"column":19},"end":{"line":77,"column":20}},"45":{"start":{"line":78,"column":29},"end":{"line":78,"column":91}},"46":{"start":{"line":79,"column":21},"end":{"line":79,"column":46}},"47":{"start":{"line":80,"column":8},"end":{"line":80,"column":44}},"48":{"start":{"line":83,"column":6},"end":{"line":83,"column":26}},"49":{"start":{"line":84,"column":6},"end":{"line":84,"column":26}},"50":{"start":{"line":85,"column":6},"end":{"line":85,"column":28}},"51":{"start":{"line":86,"column":6},"end":{"line":86,"column":26}},"52":{"start":{"line":88,"column":6},"end":{"line":88,"column":73}},"53":{"start":{"line":90,"column":6},"end":{"line":90,"column":24}},"54":{"start":{"line":94,"column":2},"end":{"line":96,"column":15}},"55":{"start":{"line":95,"column":4},"end":{"line":95,"column":19}},"56":{"start":{"line":98,"column":28},"end":{"line":114,"column":3}},"57":{"start":{"line":99,"column":4},"end":{"line":113,"column":5}},"58":{"start":{"line":100,"column":31},"end":{"line":100,"column":90}},"59":{"start":{"line":101,"column":19},"end":{"line":101,"column":48}},"60":{"start":{"line":102,"column":8},"end":{"line":102,"column":26}},"61":{"start":{"line":103,"column":8},"end":{"line":103,"column":75}},"62":{"start":{"line":104,"column":32},"end":{"line":108,"column":8}},"63":{"start":{"line":110,"column":6},"end":{"line":110,"column":21}},"64":{"start":{"line":112,"column":6},"end":{"line":112,"column":65}},"65":{"start":{"line":116,"column":30},"end":{"line":136,"column":3}},"66":{"start":{"line":117,"column":4},"end":{"line":135,"column":5}},"67":{"start":{"line":118,"column":8},"end":{"line":118,"column":39}},"68":{"start":{"line":119,"column":31},"end":{"line":123,"column":12}},"69":{"start":{"line":125,"column":8},"end":{"line":131,"column":9}},"70":{"start":{"line":127,"column":10},"end":{"line":127,"column":31}},"71":{"start":{"line":129,"column":28},"end":{"line":129,"column":55}},"72":{"start":{"line":130,"column":10},"end":{"line":130,"column":68}},"73":{"start":{"line":133,"column":8},"end":{"line":133,"column":69}},"74":{"start":{"line":134,"column":8},"end":{"line":134,"column":51}},"75":{"start":{"line":138,"column":30},"end":{"line":158,"column":3}},"76":{"start":{"line":139,"column":4},"end":{"line":157,"column":5}},"77":{"start":{"line":140,"column":8},"end":{"line":140,"column":39}},"78":{"start":{"line":141,"column":31},"end":{"line":145,"column":12}},"79":{"start":{"line":147,"column":8},"end":{"line":153,"column":9}},"80":{"start":{"line":149,"column":10},"end":{"line":149,"column":31}},"81":{"start":{"line":151,"column":28},"end":{"line":151,"column":55}},"82":{"start":{"line":152,"column":10},"end":{"line":152,"column":68}},"83":{"start":{"line":155,"column":8},"end":{"line":155,"column":69}},"84":{"start":{"line":156,"column":8},"end":{"line":156,"column":51}},"85":{"start":{"line":160,"column":23},"end":{"line":180,"column":3}},"86":{"start":{"line":161,"column":4},"end":{"line":179,"column":5}},"87":{"start":{"line":162,"column":6},"end":{"line":162,"column":36}},"88":{"start":{"line":163,"column":25},"end":{"line":167,"column":10}},"89":{"start":{"line":169,"column":8},"end":{"line":175,"column":9}},"90":{"start":{"line":171,"column":10},"end":{"line":171,"column":31}},"91":{"start":{"line":173,"column":28},"end":{"line":173,"column":49}},"92":{"start":{"line":174,"column":10},"end":{"line":174,"column":60}},"93":{"start":{"line":177,"column":8},"end":{"line":177,"column":60}},"94":{"start":{"line":178,"column":8},"end":{"line":178,"column":51}},"95":{"start":{"line":182,"column":16},"end":{"line":201,"column":3}},"96":{"start":{"line":183,"column":4},"end":{"line":200,"column":5}},"97":{"start":{"line":184,"column":23},"end":{"line":188,"column":8}},"98":{"start":{"line":190,"column":6},"end":{"line":196,"column":7}},"99":{"start":{"line":192,"column":8},"end":{"line":192,"column":29}},"100":{"start":{"line":194,"column":26},"end":{"line":194,"column":47}},"101":{"start":{"line":195,"column":8},"end":{"line":195,"column":55}},"102":{"start":{"line":198,"column":6},"end":{"line":198,"column":56}},"103":{"start":{"line":199,"column":6},"end":{"line":199,"column":46}},"104":{"start":{"line":203,"column":18},"end":{"line":225,"column":3}},"105":{"start":{"line":204,"column":0},"end":{"line":204,"column":32}},"106":{"start":{"line":205,"column":4},"end":{"line":205,"column":42}},"107":{"start":{"line":206,"column":4},"end":{"line":224,"column":5}},"108":{"start":{"line":207,"column":6},"end":{"line":207,"column":37}},"109":{"start":{"line":208,"column":25},"end":{"line":212,"column":10}},"110":{"start":{"line":214,"column":8},"end":{"line":220,"column":9}},"111":{"start":{"line":216,"column":10},"end":{"line":216,"column":31}},"112":{"start":{"line":218,"column":28},"end":{"line":218,"column":49}},"113":{"start":{"line":219,"column":10},"end":{"line":219,"column":59}},"114":{"start":{"line":222,"column":8},"end":{"line":222,"column":60}},"115":{"start":{"line":223,"column":8},"end":{"line":223,"column":50}},"116":{"start":{"line":227,"column":17},"end":{"line":368,"column":4}},"117":{"start":{"line":370,"column":2},"end":{"line":370,"column":107}},"118":{"start":{"line":370,"column":13},"end":{"line":370,"column":107}},"119":{"start":{"line":372,"column":18},"end":{"line":377,"column":3}},"120":{"start":{"line":373,"column":4},"end":{"line":376,"column":11}},"121":{"start":{"line":379,"column":19},"end":{"line":383,"column":3}},"122":{"start":{"line":380,"column":4},"end":{"line":382,"column":11}},"123":{"start":{"line":385,"column":2},"end":{"line":472,"column":4}},"124":{"start":{"line":398,"column":12},"end":{"line":404,"column":23}},"125":{"start":{"line":401,"column":77},"end":{"line":401,"column":109}},"126":{"start":{"line":402,"column":80},"end":{"line":402,"column":105}},"127":{"start":{"line":415,"column":12},"end":{"line":418,"column":23}},"128":{"start":{"line":417,"column":78},"end":{"line":417,"column":105}},"129":{"start":{"line":429,"column":12},"end":{"line":436,"column":23}},"130":{"start":{"line":432,"column":78},"end":{"line":432,"column":109}},"131":{"start":{"line":433,"column":77},"end":{"line":433,"column":108}},"132":{"start":{"line":434,"column":80},"end":{"line":434,"column":106}},"133":{"start":{"line":447,"column":12},"end":{"line":450,"column":23}},"134":{"start":{"line":449,"column":76},"end":{"line":449,"column":98}},"135":{"start":{"line":462,"column":12},"end":{"line":462,"column":46}},"136":{"start":{"line":463,"column":12},"end":{"line":463,"column":34}}},"fnMap":{"0":{"name":"Friends","decl":{"start":{"line":24,"column":24},"end":{"line":24,"column":31}},"loc":{"start":{"line":24,"column":34},"end":{"line":473,"column":1}},"line":24},"1":{"name":"(anonymous_1)","decl":{"start":{"line":34,"column":12},"end":{"line":34,"column":13}},"loc":{"start":{"line":34,"column":18},"end":{"line":43,"column":3}},"line":34},"2":{"name":"(anonymous_2)","decl":{"start":{"line":35,"column":21},"end":{"line":35,"column":22}},"loc":{"start":{"line":35,"column":33},"end":{"line":41,"column":5}},"line":35},"3":{"name":"(anonymous_3)","decl":{"start":{"line":45,"column":23},"end":{"line":45,"column":24}},"loc":{"start":{"line":45,"column":35},"end":{"line":92,"column":3}},"line":45},"4":{"name":"(anonymous_4)","decl":{"start":{"line":94,"column":12},"end":{"line":94,"column":13}},"loc":{"start":{"line":94,"column":18},"end":{"line":96,"column":3}},"line":94},"5":{"name":"(anonymous_5)","decl":{"start":{"line":98,"column":28},"end":{"line":98,"column":29}},"loc":{"start":{"line":98,"column":58},"end":{"line":114,"column":3}},"line":98},"6":{"name":"(anonymous_6)","decl":{"start":{"line":116,"column":30},"end":{"line":116,"column":31}},"loc":{"start":{"line":116,"column":59},"end":{"line":136,"column":3}},"line":116},"7":{"name":"(anonymous_7)","decl":{"start":{"line":138,"column":30},"end":{"line":138,"column":31}},"loc":{"start":{"line":138,"column":59},"end":{"line":158,"column":3}},"line":138},"8":{"name":"(anonymous_8)","decl":{"start":{"line":160,"column":23},"end":{"line":160,"column":24}},"loc":{"start":{"line":160,"column":51},"end":{"line":180,"column":3}},"line":160},"9":{"name":"(anonymous_9)","decl":{"start":{"line":182,"column":16},"end":{"line":182,"column":17}},"loc":{"start":{"line":182,"column":45},"end":{"line":201,"column":3}},"line":182},"10":{"name":"(anonymous_10)","decl":{"start":{"line":203,"column":18},"end":{"line":203,"column":19}},"loc":{"start":{"line":203,"column":47},"end":{"line":225,"column":3}},"line":203},"11":{"name":"(anonymous_11)","decl":{"start":{"line":372,"column":18},"end":{"line":372,"column":19}},"loc":{"start":{"line":373,"column":4},"end":{"line":376,"column":11}},"line":373},"12":{"name":"(anonymous_12)","decl":{"start":{"line":379,"column":19},"end":{"line":379,"column":20}},"loc":{"start":{"line":380,"column":4},"end":{"line":382,"column":11}},"line":380},"13":{"name":"(anonymous_13)","decl":{"start":{"line":397,"column":22},"end":{"line":397,"column":23}},"loc":{"start":{"line":398,"column":12},"end":{"line":404,"column":23}},"line":398},"14":{"name":"(anonymous_14)","decl":{"start":{"line":401,"column":71},"end":{"line":401,"column":72}},"loc":{"start":{"line":401,"column":77},"end":{"line":401,"column":109}},"line":401},"15":{"name":"(anonymous_15)","decl":{"start":{"line":402,"column":74},"end":{"line":402,"column":75}},"loc":{"start":{"line":402,"column":80},"end":{"line":402,"column":105}},"line":402},"16":{"name":"(anonymous_16)","decl":{"start":{"line":414,"column":22},"end":{"line":414,"column":23}},"loc":{"start":{"line":415,"column":12},"end":{"line":418,"column":23}},"line":415},"17":{"name":"(anonymous_17)","decl":{"start":{"line":417,"column":72},"end":{"line":417,"column":73}},"loc":{"start":{"line":417,"column":78},"end":{"line":417,"column":105}},"line":417},"18":{"name":"(anonymous_18)","decl":{"start":{"line":428,"column":23},"end":{"line":428,"column":24}},"loc":{"start":{"line":429,"column":12},"end":{"line":436,"column":23}},"line":429},"19":{"name":"(anonymous_19)","decl":{"start":{"line":432,"column":72},"end":{"line":432,"column":73}},"loc":{"start":{"line":432,"column":78},"end":{"line":432,"column":109}},"line":432},"20":{"name":"(anonymous_20)","decl":{"start":{"line":433,"column":71},"end":{"line":433,"column":72}},"loc":{"start":{"line":433,"column":77},"end":{"line":433,"column":108}},"line":433},"21":{"name":"(anonymous_21)","decl":{"start":{"line":434,"column":74},"end":{"line":434,"column":75}},"loc":{"start":{"line":434,"column":80},"end":{"line":434,"column":106}},"line":434},"22":{"name":"(anonymous_22)","decl":{"start":{"line":446,"column":22},"end":{"line":446,"column":23}},"loc":{"start":{"line":447,"column":12},"end":{"line":450,"column":23}},"line":447},"23":{"name":"(anonymous_23)","decl":{"start":{"line":449,"column":70},"end":{"line":449,"column":71}},"loc":{"start":{"line":449,"column":76},"end":{"line":449,"column":98}},"line":449},"24":{"name":"(anonymous_24)","decl":{"start":{"line":461,"column":19},"end":{"line":461,"column":20}},"loc":{"start":{"line":461,"column":25},"end":{"line":464,"column":11}},"line":461}},"branchMap":{"0":{"loc":{"start":{"line":37,"column":6},"end":{"line":40,"column":7}},"type":"if","locations":[{"start":{"line":37,"column":6},"end":{"line":40,"column":7}},{"start":{},"end":{}}],"line":37},"1":{"loc":{"start":{"line":46,"column":4},"end":{"line":46,"column":24}},"type":"if","locations":[{"start":{"line":46,"column":4},"end":{"line":46,"column":24}},{"start":{},"end":{}}],"line":46},"2":{"loc":{"start":{"line":88,"column":15},"end":{"line":88,"column":71}},"type":"cond-expr","locations":[{"start":{"line":88,"column":38},"end":{"line":88,"column":49}},{"start":{"line":88,"column":52},"end":{"line":88,"column":71}}],"line":88},"3":{"loc":{"start":{"line":125,"column":8},"end":{"line":131,"column":9}},"type":"if","locations":[{"start":{"line":125,"column":8},"end":{"line":131,"column":9}},{"start":{"line":128,"column":15},"end":{"line":131,"column":9}}],"line":125},"4":{"loc":{"start":{"line":147,"column":8},"end":{"line":153,"column":9}},"type":"if","locations":[{"start":{"line":147,"column":8},"end":{"line":153,"column":9}},{"start":{"line":150,"column":15},"end":{"line":153,"column":9}}],"line":147},"5":{"loc":{"start":{"line":169,"column":8},"end":{"line":175,"column":9}},"type":"if","locations":[{"start":{"line":169,"column":8},"end":{"line":175,"column":9}},{"start":{"line":172,"column":15},"end":{"line":175,"column":9}}],"line":169},"6":{"loc":{"start":{"line":190,"column":6},"end":{"line":196,"column":7}},"type":"if","locations":[{"start":{"line":190,"column":6},"end":{"line":196,"column":7}},{"start":{"line":193,"column":13},"end":{"line":196,"column":7}}],"line":190},"7":{"loc":{"start":{"line":214,"column":8},"end":{"line":220,"column":9}},"type":"if","locations":[{"start":{"line":214,"column":8},"end":{"line":220,"column":9}},{"start":{"line":217,"column":15},"end":{"line":220,"column":9}}],"line":214},"8":{"loc":{"start":{"line":370,"column":2},"end":{"line":370,"column":107}},"type":"if","locations":[{"start":{"line":370,"column":2},"end":{"line":370,"column":107}},{"start":{},"end":{}}],"line":370},"9":{"loc":{"start":{"line":394,"column":9},"end":{"line":406,"column":9}},"type":"cond-expr","locations":[{"start":{"line":395,"column":10},"end":{"line":395,"column":54}},{"start":{"line":397,"column":10},"end":{"line":405,"column":12}}],"line":394},"10":{"loc":{"start":{"line":411,"column":9},"end":{"line":420,"column":9}},"type":"cond-expr","locations":[{"start":{"line":412,"column":10},"end":{"line":412,"column":63}},{"start":{"line":414,"column":10},"end":{"line":419,"column":12}}],"line":411},"11":{"loc":{"start":{"line":425,"column":9},"end":{"line":438,"column":9}},"type":"cond-expr","locations":[{"start":{"line":426,"column":10},"end":{"line":426,"column":64}},{"start":{"line":428,"column":10},"end":{"line":437,"column":12}}],"line":425},"12":{"loc":{"start":{"line":443,"column":9},"end":{"line":452,"column":9}},"type":"cond-expr","locations":[{"start":{"line":444,"column":10},"end":{"line":444,"column":60}},{"start":{"line":446,"column":10},"end":{"line":451,"column":12}}],"line":443}},"s":{"0":1,"1":11,"2":11,"3":11,"4":11,"5":11,"6":11,"7":11,"8":11,"9":11,"10":3,"11":3,"12":3,"13":3,"14":3,"15":3,"16":11,"17":8,"18":3,"19":5,"20":5,"21":5,"22":5,"23":5,"24":5,"25":5,"26":5,"27":5,"28":5,"29":5,"30":0,"31":0,"32":0,"33":5,"34":5,"35":0,"36":0,"37":0,"38":5,"39":5,"40":2,"41":2,"42":2,"43":5,"44":5,"45":0,"46":0,"47":0,"48":5,"49":5,"50":5,"51":5,"52":0,"53":5,"54":11,"55":6,"56":11,"57":1,"58":1,"59":1,"60":1,"61":1,"62":1,"63":1,"64":0,"65":11,"66":1,"67":1,"68":1,"69":1,"70":1,"71":0,"72":0,"73":0,"74":0,"75":11,"76":0,"77":0,"78":0,"79":0,"80":0,"81":0,"82":0,"83":0,"84":0,"85":11,"86":0,"87":0,"88":0,"89":0,"90":0,"91":0,"92":0,"93":0,"94":0,"95":11,"96":0,"97":0,"98":0,"99":0,"100":0,"101":0,"102":0,"103":0,"104":11,"105":0,"106":0,"107":0,"108":0,"109":0,"110":0,"111":0,"112":0,"113":0,"114":0,"115":0,"116":11,"117":11,"118":0,"119":11,"120":44,"121":11,"122":2,"123":11,"124":0,"125":0,"126":0,"127":0,"128":0,"129":2,"130":1,"131":0,"132":0,"133":0,"134":0,"135":1,"136":1},"f":{"0":11,"1":3,"2":3,"3":8,"4":6,"5":1,"6":1,"7":0,"8":0,"9":0,"10":0,"11":44,"12":2,"13":0,"14":0,"15":0,"16":0,"17":0,"18":2,"19":1,"20":0,"21":0,"22":0,"23":0,"24":1},"b":{"0":[3,0],"1":[3,5],"2":[0,0],"3":[1,0],"4":[0,0],"5":[0,0],"6":[0,0],"7":[0,0],"8":[0,11],"9":[11,0],"10":[11,0],"11":[9,2],"12":[11,0]},"_coverageSchema":"1a1c01bbd47fc00a2c39e90264f33305004495a9","hash":"e443e504fd0ccba3ffa22a723bc38d7cf6a35d2d"}
[...]
,"/Users/magdavicente/project3/Group9-Project3-Frontend/app/components/MorphingLoadingScreen.tsx": {"path":"/Users/magdavicente/project3/Group9-Project3-Frontend/app/components/MorphingLoadingScreen.tsx","statementMap":{"0":{"start":{"line":4,"column":15},"end":{"line":8,"column":1}},"1":{"start":{"line":15,"column":15},"end":{"line":15,"column":52}},"2":{"start":{"line":16,"column":15},"end":{"line":16,"column":52}},"3":{"start":{"line":17,"column":15},"end":{"line":17,"column":52}},"4":{"start":{"line":18,"column":18},"end":{"line":18,"column":55}},"5":{"start":{"line":19,"column":42},"end":{"line":19,"column":63}},"6":{"start":{"line":21,"column":2},"end":{"line":77,"column":43}},"7":{"start":{"line":24,"column":4},"end":{"line":72,"column":5}},"8":{"start":{"line":26,"column":6},"end":{"line":26,"column":28}},"9":{"start":{"line":29,"column":6},"end":{"line":33,"column":17}},"10":{"start":{"line":35,"column":33},"end":{"line":52,"column":7}},"11":{"start":{"line":36,"column":8},"end":{"line":51,"column":11}},"12":{"start":{"line":54,"column":6},"end":{"line":60,"column":16}},"13":{"start":{"line":63,"column":6},"end":{"line":67,"column":17}},"14":{"start":{"line":69,"column":6},"end":{"line":71,"column":14}},"15":{"start":{"line":70,"column":8},"end":{"line":70,"column":31}},"16":{"start":{"line":74,"column":4},"end":{"line":76,"column":6}},"17":{"start":{"line":75,"column":6},"end":{"line":75,"column":37}},"18":{"start":{"line":75,"column":17},"end":{"line":75,"column":37}},"19":{"start":{"line":79,"column":2},"end":{"line":79,"column":33}},"20":{"start":{"line":79,"column":21},"end":{"line":79,"column":33}},"21":{"start":{"line":81,"column":2},"end":{"line":110,"column":4}},"22":{"start":{"line":113,"column":15},"end":{"line":138,"column":2}}},"fnMap":{"0":{"name":"MorphingLoadingScreen","decl":{"start":{"line":14,"column":24},"end":{"line":14,"column":45}},"loc":{"start":{"line":14,"column":87},"end":{"line":111,"column":1}},"line":14},"1":{"name":"(anonymous_1)","decl":{"start":{"line":21,"column":12},"end":{"line":21,"column":13}},"loc":{"start":{"line":21,"column":18},"end":{"line":77,"column":3}},"line":21},"2":{"name":"(anonymous_2)","decl":{"start":{"line":35,"column":33},"end":{"line":35,"column":34}},"loc":{"start":{"line":35,"column":79},"end":{"line":52,"column":7}},"line":35},"3":{"name":"(anonymous_3)","decl":{"start":{"line":69,"column":25},"end":{"line":69,"column":26}},"loc":{"start":{"line":69,"column":31},"end":{"line":71,"column":7}},"line":69},"4":{"name":"(anonymous_4)","decl":{"start":{"line":74,"column":11},"end":{"line":74,"column":12}},"loc":{"start":{"line":74,"column":17},"end":{"line":76,"column":5}},"line":74}},"branchMap":{"0":{"loc":{"start":{"line":24,"column":4},"end":{"line":72,"column":5}},"type":"if","locations":[{"start":{"line":24,"column":4},"end":{"line":72,"column":5}},{"start":{"line":61,"column":11},"end":{"line":72,"column":5}}],"line":24},"1":{"loc":{"start":{"line":75,"column":6},"end":{"line":75,"column":37}},"type":"if","locations":[{"start":{"line":75,"column":6},"end":{"line":75,"column":37}},{"start":{},"end":{}}],"line":75},"2":{"loc":{"start":{"line":79,"column":2},"end":{"line":79,"column":33}},"type":"if","locations":[{"start":{"line":79,"column":2},"end":{"line":79,"column":33}},{"start":{},"end":{}}],"line":79}},"s":{"0":6,"1":94,"2":94,"3":94,"4":94,"5":94,"6":94,"7":52,"8":24,"9":24,"10":24,"11":72,"12":24,"13":28,"14":28,"15":0,"16":52,"17":52,"18":28,"19":94,"20":39,"21":55,"22":6},"f":{"0":94,"1":52,"2":72,"3":0,"4":52},"b":{"0":[24,28],"1":[28,24],"2":[39,55]},"_coverageSchema":"1a1c01bbd47fc00a2c39e90264f33305004495a9","hash":"576651a7a0fbe65a86063e03006894ff6ba84751"}
,"/Users/magdavicente/project3/Group9-Project3-Frontend/assets/Wander-Avatars/Astro/Astro1.png": {"path":"/Users/magdavicente/project3/Group9-Project3-Frontend/assets/Wander-Avatars/Astro/Astro1.png","statementMap":{"0":{"start":{"line":1,"column":0},"end":{"line":4,"column":6}}},"fnMap":{},"branchMap":{},"s":{"0":2},"f":{},"b":{},"_coverageSchema":"1a1c01bbd47fc00a2c39e90264f33305004495a9","hash":"15b7a55e11aa7b10c930e19152008afc16ee25c2"}
,"/Users/magdavicente/project3/Group9-Project3-Frontend/assets/Wander-Avatars/Astro/Astro2.png": {"path":"/Users/magdavicente/project3/Group9-Project3-Frontend/assets/Wander-Avatars/Astro/Astro2.png","statementMap":{"0":{"start":{"line":1,"column":0},"end":{"line":4,"column":6}}},"fnMap":{},"branchMap":{},"s":{"0":2},"f":{},"b":{},"_coverageSchema":"1a1c01bbd47fc00a2c39e90264f33305004495a9","hash":"7baffa2a82e12c8217e3b0ca42dc5c9176327de7"}
,"/Users/magdavicente/project3/Group9-Project3-Frontend/assets/Wander-Avatars/Astro/Astro3.png": {"path":"/Users/magdavicente/project3/Group9-Project3-Frontend/assets/Wander-Avatars/Astro/Astro3.png","statementMap":{"0":{"start":{"line":1,"column":0},"end":{"line":4,"column":6}}},"fnMap":{},"branchMap":{},"s":{"0":2},"f":{},"b":{},"_coverageSchema":"1a1c01bbd47fc00a2c39e90264f33305004495a9","hash":"56b4b8a36095261ff8764973859d253cbda53bbf"}
,"/Users/magdavicente/project3/Group9-Project3-Frontend/assets/Wander-Avatars/Astro/Astro4.png": {"path":"/Users/magdavicente/project3/Group9-Project3-Frontend/assets/Wander-Avatars/Astro/Astro4.png","statementMap":{"0":{"start":{"line":1,"column":0},"end":{"line":4,"column":6}}},"fnMap":{},"branchMap":{},"s":{"0":2},"f":{},"b":{},"_coverageSchema":"1a1c01bbd47fc00a2c39e90264f33305004495a9","hash":"d445e4ce553f2c81a2f78a7a54a5f5482e09a2a4"}
,"/Users/magdavicente/project3/Group9-Project3-Frontend/assets/Wander-Avatars/Astro/Astro5.png": {"path":"/Users/magdavicente/project3/Group9-Project3-Frontend/assets/Wander-Avatars/Astro/Astro5.png","statementMap":{"0":{"start":{"line":1,"column":0},"end":{"line":4,"column":6}}},"fnMap":{},"branchMap":{},"s":{"0":1},"f":{},"b":{},"_coverageSchema":"1a1c01bbd47fc00a2c39e90264f33305004495a9","hash":"8afe089e631aa9b722be4bcdd3b26a27b519a1e7"}
,"/Users/magdavicente/project3/Group9-Project3-Frontend/assets/Wander-Avatars/Cowboy/Cowboy1.png": {"path":"/Users/magdavicente/project3/Group9-Project3-Frontend/assets/Wander-Avatars/Cowboy/Cowboy1.png","statementMap":{"0":{"start":{"line":1,"column":0},"end":{"line":4,"column":6}}},"fnMap":{},"branchMap":{},"s":{"0":2},"f":{},"b":{},"_coverageSchema":"1a1c01bbd47fc00a2c39e90264f33305004495a9","hash":"31b9d717e216abd7a7c397ab3f3428c08cc7f25c"}
,"/Users/magdavicente/project3/Group9-Project3-Frontend/assets/Wander-Avatars/Cowboy/Cowboy2.png": {"path":"/Users/magdavicente/project3/Group9-Project3-Frontend/assets/Wander-Avatars/Cowboy/Cowboy2.png","statementMap":{"0":{"start":{"line":1,"column":0},"end":{"line":4,"column":6}}},"fnMap":{},"branchMap":{},"s":{"0":2},"f":{},"b":{},"_coverageSchema":"1a1c01bbd47fc00a2c39e90264f33305004495a9","hash":"d5e085cea1b142c38ff99b98b89328243264834c"}
,"/Users/magdavicente/project3/Group9-Project3-Frontend/assets/Wander-Avatars/Cowboy/Cowboy3.png": {"path":"/Users/magdavicente/project3/Group9-Project3-Frontend/assets/Wander-Avatars/Cowboy/Cowboy3.png","statementMap":{"0":{"start":{"line":1,"column":0},"end":{"line":4,"column":6}}},"fnMap":{},"branchMap":{},"s":{"0":2},"f":{},"b":{},"_coverageSchema":"1a1c01bbd47fc00a2c39e90264f33305004495a9","hash":"3363b22bc20ef11bf05f2db05b0f34544b9cdd61"}
,"/Users/magdavicente/project3/Group9-Project3-Frontend/assets/Wander-Avatars/Cowboy/Cowboy4.png": {"path":"/Users/magdavicente/project3/Group9-Project3-Frontend/assets/Wander-Avatars/Cowboy/Cowboy4.png","statementMap":{"0":{"start":{"line":1,"column":0},"end":{"line":4,"column":6}}},"fnMap":{},"branchMap":{},"s":{"0":2},"f":{},"b":{},"_coverageSchema":"1a1c01bbd47fc00a2c39e90264f33305004495a9","hash":"fa16e194fdf49438614e5ebb271108f1cd590e95"}
,"/Users/magdavicente/project3/Group9-Project3-Frontend/assets/Wander-Avatars/KPOP/KPOP1.png": {"path":"/Users/magdavicente/project3/Group9-Project3-Frontend/assets/Wander-Avatars/KPOP/KPOP1.png","statementMap":{"0":{"start":{"line":1,"column":0},"end":{"line":4,"column":6}}},"fnMap":{},"branchMap":{},"s":{"0":2},"f":{},"b":{},"_coverageSchema":"1a1c01bbd47fc00a2c39e90264f33305004495a9","hash":"96b649eb55c344976410392dd4ea92ca195ca9c6"}
,"/Users/magdavicente/project3/Group9-Project3-Frontend/assets/Wander-Avatars/KPOP/KPOP2.png": {"path":"/Users/magdavicente/project3/Group9-Project3-Frontend/assets/Wander-Avatars/KPOP/KPOP2.png","statementMap":{"0":{"start":{"line":1,"column":0},"end":{"line":4,"column":6}}},"fnMap":{},"branchMap":{},"s":{"0":2},"f":{},"b":{},"_coverageSchema":"1a1c01bbd47fc00a2c39e90264f33305004495a9","hash":"d90222a253eeffde7977f95100393e786dd91e91"}
,"/Users/magdavicente/project3/Group9-Project3-Frontend/assets/Wander-Avatars/KPOP/KPOP3.png": {"path":"/Users/magdavicente/project3/Group9-Project3-Frontend/assets/Wander-Avatars/KPOP/KPOP3.png","statementMap":{"0":{"start":{"line":1,"column":0},"end":{"line":4,"column":6}}},"fnMap":{},"branchMap":{},"s":{"0":2},"f":{},"b":{},"_coverageSchema":"1a1c01bbd47fc00a2c39e90264f33305004495a9","hash":"9b8b9555affa523e2d2c7d960f34d67076aaaf60"}
,"/Users/magdavicente/project3/Group9-Project3-Frontend/assets/Wander-Avatars/KPOP/KPOP4.png": {"path":"/Users/magdavicente/project3/Group9-Project3-Frontend/assets/Wander-Avatars/KPOP/KPOP4.png","statementMap":{"0":{"start":{"line":1,"column":0},"end":{"line":4,"column":6}}},"fnMap":{},"branchMap":{},"s":{"0":2},"f":{},"b":{},"_coverageSchema":"1a1c01bbd47fc00a2c39e90264f33305004495a9","hash":"394a1bf56b24ae485b06fb3b67c04491bc190ecb"}
,"/Users/magdavicente/project3/Group9-Project3-Frontend/assets/Wander-Avatars/KPOP/KPOP5.png": {"path":"/Users/magdavicente/project3/Group9-Project3-Frontend/assets/Wander-Avatars/KPOP/KPOP5.png","statementMap":{"0":{"start":{"line":1,"column":0},"end":{"line":4,"column":6}}},"fnMap":{},"branchMap":{},"s":{"0":1},"f":{},"b":{},"_coverageSchema":"1a1c01bbd47fc00a2c39e90264f33305004495a9","hash":"7c61330c4110dce0e88df34d8b0cf15206942227"}
,"/Users/magdavicente/project3/Group9-Project3-Frontend/assets/Wander-Avatars/KPOP/KPOP6.png": {"path":"/Users/magdavicente/project3/Group9-Project3-Frontend/assets/Wander-Avatars/KPOP/KPOP6.png","statementMap":{"0":{"start":{"line":1,"column":0},"end":{"line":4,"column":6}}},"fnMap":{},"branchMap":{},"s":{"0":1},"f":{},"b":{},"_coverageSchema":"1a1c01bbd47fc00a2c39e90264f33305004495a9","hash":"08c9e7bc9a7836dc1cc1294c412bf2129425ffe4"}
,"/Users/magdavicente/project3/Group9-Project3-Frontend/assets/Wander-Avatars/KPOP/KPOP7.png": {"path":"/Users/magdavicente/project3/Group9-Project3-Frontend/assets/Wander-Avatars/KPOP/KPOP7.png","statementMap":{"0":{"start":{"line":1,"column":0},"end":{"line":4,"column":6}}},"fnMap":{},"branchMap":{},"s":{"0":1},"f":{},"b":{},"_coverageSchema":"1a1c01bbd47fc00a2c39e90264f33305004495a9","hash":"97072c49e3fa832b11a884773d8d57a9b1c38951"}
,"/Users/magdavicente/project3/Group9-Project3-Frontend/assets/Wander-Avatars/Normal/normal1.png": {"path":"/Users/magdavicente/project3/Group9-Project3-Frontend/assets/Wander-Avatars/Normal/normal1.png","statementMap":{"0":{"start":{"line":1,"column":0},"end":{"line":4,"column":6}}},"fnMap":{},"branchMap":{},"s":{"0":2},"f":{},"b":{},"_coverageSchema":"1a1c01bbd47fc00a2c39e90264f33305004495a9","hash":"6db03008bad9c1f55b3fefdbe8cb450874a65323"}
,"/Users/magdavicente/project3/Group9-Project3-Frontend/assets/Wander-Avatars/Normal/normal10.png": {"path":"/Users/magdavicente/project3/Group9-Project3-Frontend/assets/Wander-Avatars/Normal/normal10.png","statementMap":{"0":{"start":{"line":1,"column":0},"end":{"line":4,"column":6}}},"fnMap":{},"branchMap":{},"s":{"0":1},"f":{},"b":{},"_coverageSchema":"1a1c01bbd47fc00a2c39e90264f33305004495a9","hash":"e96c1ef09e512033bcd198418546e92d5c0421a5"}
,"/Users/magdavicente/project3/Group9-Project3-Frontend/assets/Wander-Avatars/Normal/normal11.png": {"path":"/Users/magdavicente/project3/Group9-Project3-Frontend/assets/Wander-Avatars/Normal/normal11.png","statementMap":{"0":{"start":{"line":1,"column":0},"end":{"line":4,"column":6}}},"fnMap":{},"branchMap":{},"s":{"0":1},"f":{},"b":{},"_coverageSchema":"1a1c01bbd47fc00a2c39e90264f33305004495a9","hash":"093a14766155a0d7db6021c03df1084935079870"}
,"/Users/magdavicente/project3/Group9-Project3-Frontend/assets/Wander-Avatars/Normal/normal12.png": {"path":"/Users/magdavicente/project3/Group9-Project3-Frontend/assets/Wander-Avatars/Normal/normal12.png","statementMap":{"0":{"start":{"line":1,"column":0},"end":{"line":4,"column":6}}},"fnMap":{},"branchMap":{},"s":{"0":1},"f":{},"b":{},"_coverageSchema":"1a1c01bbd47fc00a2c39e90264f33305004495a9","hash":"56fb67983a35890be68be221f73d300725f7a847"}
,"/Users/magdavicente/project3/Group9-Project3-Frontend/assets/Wander-Avatars/Normal/normal2.png": {"path":"/Users/magdavicente/project3/Group9-Project3-Frontend/assets/Wander-Avatars/Normal/normal2.png","statementMap":{"0":{"start":{"line":1,"column":0},"end":{"line":4,"column":6}}},"fnMap":{},"branchMap":{},"s":{"0":2},"f":{},"b":{},"_coverageSchema":"1a1c01bbd47fc00a2c39e90264f33305004495a9","hash":"0d4f4eda60324fd16dfb9a6b9809cb42801d238b"}
,"/Users/magdavicente/project3/Group9-Project3-Frontend/assets/Wander-Avatars/Normal/normal3.png": {"path":"/Users/magdavicente/project3/Group9-Project3-Frontend/assets/Wander-Avatars/Normal/normal3.png","statementMap":{"0":{"start":{"line":1,"column":0},"end":{"line":4,"column":6}}},"fnMap":{},"branchMap":{},"s":{"0":2},"f":{},"b":{},"_coverageSchema":"1a1c01bbd47fc00a2c39e90264f33305004495a9","hash":"f46da369e9fde53e89f80a92e1a08a196b37dde0"}
,"/Users/magdavicente/project3/Group9-Project3-Frontend/assets/Wander-Avatars/Normal/normal4.png": {"path":"/Users/magdavicente/project3/Group9-Project3-Frontend/assets/Wander-Avatars/Normal/normal4.png","statementMap":{"0":{"start":{"line":1,"column":0},"end":{"line":4,"column":6}}},"fnMap":{},"branchMap":{},"s":{"0":2},"f":{},"b":{},"_coverageSchema":"1a1c01bbd47fc00a2c39e90264f33305004495a9","hash":"419618437da4139dfb11556788f87a665f964f9a"}
,"/Users/magdavicente/project3/Group9-Project3-Frontend/assets/Wander-Avatars/Normal/normal5.png": {"path":"/Users/magdavicente/project3/Group9-Project3-Frontend/assets/Wander-Avatars/Normal/normal5.png","statementMap":{"0":{"start":{"line":1,"column":0},"end":{"line":4,"column":6}}},"fnMap":{},"branchMap":{},"s":{"0":1},"f":{},"b":{},"_coverageSchema":"1a1c01bbd47fc00a2c39e90264f33305004495a9","hash":"f1b35d365daccd9099e3f7d5f09b8413e9e49b75"}
,"/Users/magdavicente/project3/Group9-Project3-Frontend/assets/Wander-Avatars/Normal/normal6.png": {"path":"/Users/magdavicente/project3/Group9-Project3-Frontend/assets/Wander-Avatars/Normal/normal6.png","statementMap":{"0":{"start":{"line":1,"column":0},"end":{"line":4,"column":6}}},"fnMap":{},"branchMap":{},"s":{"0":1},"f":{},"b":{},"_coverageSchema":"1a1c01bbd47fc00a2c39e90264f33305004495a9","hash":"ebcf35dd9f8fcd66951d6cf400f74f34f62e354e"}
,"/Users/magdavicente/project3/Group9-Project3-Frontend/assets/Wander-Avatars/Normal/normal7.png": {"path":"/Users/magdavicente/project3/Group9-Project3-Frontend/assets/Wander-Avatars/Normal/normal7.png","statementMap":{"0":{"start":{"line":1,"column":0},"end":{"line":4,"column":6}}},"fnMap":{},"branchMap":{},"s":{"0":1},"f":{},"b":{},"_coverageSchema":"1a1c01bbd47fc00a2c39e90264f33305004495a9","hash":"8fd0c8a982b26c313960b55290929e6be9101be3"}
,"/Users/magdavicente/project3/Group9-Project3-Frontend/assets/Wander-Avatars/Normal/normal8.png": {"path":"/Users/magdavicente/project3/Group9-Project3-Frontend/assets/Wander-Avatars/Normal/normal8.png","statementMap":{"0":{"start":{"line":1,"column":0},"end":{"line":4,"column":6}}},"fnMap":{},"branchMap":{},"s":{"0":1},"f":{},"b":{},"_coverageSchema":"1a1c01bbd47fc00a2c39e90264f33305004495a9","hash":"6ee355506fc5d10969dbff4a5dfb368da3147f84"}
,"/Users/magdavicente/project3/Group9-Project3-Frontend/assets/Wander-Avatars/Normal/normal9.png": {"path":"/Users/magdavicente/project3/Group9-Project3-Frontend/assets/Wander-Avatars/Normal/normal9.png","statementMap":{"0":{"start":{"line":1,"column":0},"end":{"line":4,"column":6}}},"fnMap":{},"branchMap":{},"s":{"0":1},"f":{},"b":{},"_coverageSchema":"1a1c01bbd47fc00a2c39e90264f33305004495a9","hash":"1a8f90fab3dd2bdc89cecbacf78c206d847d3dce"}
,"/Users/magdavicente/project3/Group9-Project3-Frontend/assets/Wander-Avatars/Viking/Viking1.png": {"path":"/Users/magdavicente/project3/Group9-Project3-Frontend/assets/Wander-Avatars/Viking/Viking1.png","statementMap":{"0":{"start":{"line":1,"column":0},"end":{"line":4,"column":6}}},"fnMap":{},"branchMap":{},"s":{"0":2},"f":{},"b":{},"_coverageSchema":"1a1c01bbd47fc00a2c39e90264f33305004495a9","hash":"86836b64cf0586cb21aa5e9a334812a30e44e903"}
,"/Users/magdavicente/project3/Group9-Project3-Frontend/assets/Wander-Avatars/Viking/Viking2.png": {"path":"/Users/magdavicente/project3/Group9-Project3-Frontend/assets/Wander-Avatars/Viking/Viking2.png","statementMap":{"0":{"start":{"line":1,"column":0},"end":{"line":4,"column":6}}},"fnMap":{},"branchMap":{},"s":{"0":2},"f":{},"b":{},"_coverageSchema":"1a1c01bbd47fc00a2c39e90264f33305004495a9","hash":"01581aea45f171a68669969d5d59b4b393279e32"}
,"/Users/magdavicente/project3/Group9-Project3-Frontend/assets/Wander-Avatars/Viking/Viking3.png": {"path":"/Users/magdavicente/project3/Group9-Project3-Frontend/assets/Wander-Avatars/Viking/Viking3.png","statementMap":{"0":{"start":{"line":1,"column":0},"end":{"line":4,"column":6}}},"fnMap":{},"branchMap":{},"s":{"0":2},"f":{},"b":{},"_coverageSchema":"1a1c01bbd47fc00a2c39e90264f33305004495a9","hash":"ca1947859ac492f7254003d2faa78aa983416c0d"}
,"/Users/magdavicente/project3/Group9-Project3-Frontend/assets/Wander-Avatars/Viking/Viking4.png": {"path":"/Users/magdavicente/project3/Group9-Project3-Frontend/assets/Wander-Avatars/Viking/Viking4.png","statementMap":{"0":{"start":{"line":1,"column":0},"end":{"line":4,"column":6}}},"fnMap":{},"branchMap":{},"s":{"0":2},"f":{},"b":{},"_coverageSchema":"1a1c01bbd47fc00a2c39e90264f33305004495a9","hash":"dbe41c6ef108ab1e90a2cecbeb0c92631b735525"}
}
