TN:
SF:app/(tabs)/CheckInScreen.tsx
FN:24,CheckInScreen
FN:34,(anonymous_1)
FN:36,(anonymous_2)
FN:47,(anonymous_3)
FN:51,(anonymous_4)
FN:53,(anonymous_5)
FN:72,(anonymous_6)
FN:75,(anonymous_7)
FN:87,(anonymous_8)
FN:108,(anonymous_9)
FNF:10
FNH:8
FNDA:8,CheckInScreen
FNDA:3,(anonymous_1)
FNDA:3,(anonymous_2)
FNDA:3,(anonymous_3)
FNDA:5,(anonymous_4)
FNDA:5,(anonymous_5)
FNDA:5,(anonymous_6)
FNDA:1,(anonymous_7)
FNDA:0,(anonymous_8)
FNDA:0,(anonymous_9)
DA:10,1
DA:11,1
DA:13,1
DA:25,8
DA:26,8
DA:27,8
DA:28,8
DA:29,8
DA:30,8
DA:31,8
DA:34,8
DA:35,3
DA:36,3
DA:37,3
DA:38,3
DA:39,2
DA:41,1
DA:42,1
DA:44,3
DA:47,3
DA:51,8
DA:52,5
DA:53,5
DA:54,5
DA:55,5
DA:56,5
DA:57,3
DA:58,3
DA:60,2
DA:61,2
DA:62,2
DA:63,2
DA:64,1
DA:68,0
DA:69,0
DA:72,5
DA:75,8
DA:76,1
DA:77,1
DA:78,1
DA:79,0
DA:80,0
DA:81,0
DA:82,0
DA:84,1
DA:85,1
DA:86,1
DA:87,1
DA:89,0
DA:90,0
DA:91,1
DA:94,8
DA:95,4
DA:102,4
DA:104,4
DA:108,0
DA:152,1
LF:57
LH:48
BRDA:39,0,0,2
BRDA:39,0,1,0
BRDA:42,1,0,1
BRDA:42,1,1,0
BRDA:44,2,0,3
BRDA:44,2,1,0
BRDA:56,3,0,3
BRDA:56,3,1,2
BRDA:57,4,0,3
BRDA:57,4,1,0
BRDA:61,5,0,2
BRDA:61,5,1,0
BRDA:63,6,0,1
BRDA:63,6,1,1
BRDA:69,7,0,0
BRDA:69,7,1,0
BRDA:76,8,0,0
BRDA:76,8,1,1
BRDA:76,9,0,1
BRDA:76,9,1,1
BRDA:78,10,0,0
BRDA:78,10,1,1
BRDA:94,11,0,4
BRDA:94,11,1,4
BRDA:102,12,0,4
BRDA:102,12,1,2
BRDA:117,13,0,4
BRDA:117,13,1,2
BRDA:120,14,0,2
BRDA:120,14,1,0
BRDA:123,15,0,2
BRDA:123,15,1,0
BRDA:129,16,0,0
BRDA:129,16,1,4
BRDA:133,17,0,4
BRDA:133,17,1,2
BRDA:135,18,0,4
BRDA:135,18,1,2
BRDA:137,19,0,2
BRDA:137,19,1,2
BRDA:140,20,0,4
BRDA:140,20,1,1
BRDA:145,21,0,4
BRDA:145,21,1,3
BRF:44
BRH:32
end_of_record
TN:
SF:app/(tabs)/DeckScreen.tsx
FN:19,DeckScreen
FN:26,(anonymous_1)
FN:29,(anonymous_2)
FN:47,(anonymous_3)
FN:52,(anonymous_4)
FN:56,(anonymous_5)
FN:62,(anonymous_6)
FN:77,(anonymous_7)
FN:96,(anonymous_8)
FN:102,(anonymous_9)
FN:105,(anonymous_10)
FN:115,(anonymous_11)
FN:128,(anonymous_12)
FN:140,(anonymous_13)
FN:141,(anonymous_14)
FN:144,(anonymous_15)
FNF:16
FNH:15
FNDA:8,DeckScreen
FNDA:3,(anonymous_1)
FNDA:3,(anonymous_2)
FNDA:3,(anonymous_3)
FNDA:4,(anonymous_4)
FNDA:4,(anonymous_5)
FNDA:4,(anonymous_6)
FNDA:1,(anonymous_7)
FNDA:4,(anonymous_8)
FNDA:6,(anonymous_9)
FNDA:12,(anonymous_10)
FNDA:1,(anonymous_11)
FNDA:0,(anonymous_12)
FNDA:7,(anonymous_13)
FNDA:6,(anonymous_14)
FNDA:1,(anonymous_15)
DA:9,1
DA:11,1
DA:20,8
DA:21,8
DA:22,8
DA:23,8
DA:24,8
DA:26,8
DA:27,3
DA:29,3
DA:30,3
DA:32,3
DA:33,3
DA:34,1
DA:35,1
DA:36,1
DA:43,0
DA:47,3
DA:48,3
DA:52,8
DA:53,4
DA:54,4
DA:56,4
DA:57,4
DA:59,4
DA:62,3
DA:63,4
DA:64,2
DA:70,2
DA:72,2
DA:76,3
DA:77,1
DA:80,3
DA:81,3
DA:87,1
DA:88,1
DA:89,1
DA:92,4
DA:96,4
DA:97,4
DA:102,8
DA:103,6
DA:105,12
DA:109,8
DA:110,5
DA:115,1
DA:123,3
DA:128,0
DA:140,7
DA:142,6
DA:144,1
DA:172,1
LF:52
LH:50
BRDA:33,0,0,1
BRDA:33,0,1,2
BRDA:35,1,0,1
BRDA:35,1,1,0
BRDA:63,2,0,2
BRDA:63,2,1,2
BRDA:76,3,0,1
BRDA:76,3,1,2
BRDA:77,4,0,1
BRDA:77,4,1,0
BRDA:77,5,0,1
BRDA:77,5,1,0
BRDA:80,6,0,3
BRDA:80,6,1,0
BRDA:88,7,0,1
BRDA:88,7,1,0
BRDA:92,8,0,4
BRDA:92,8,1,0
BRDA:109,9,0,5
BRDA:109,9,1,3
BRDA:109,10,0,8
BRDA:109,10,1,4
BRDA:143,11,0,6
BRDA:143,11,1,3
BRDA:152,12,0,6
BRDA:152,12,1,2
BRDA:158,13,0,6
BRDA:158,13,1,3
BRF:28
BRH:22
end_of_record
TN:
SF:app/(tabs)/HomeScreen.tsx
FN:54,(anonymous_0)
FN:76,HomeScreen
FN:84,(anonymous_2)
FN:128,(anonymous_3)
FN:132,(anonymous_4)
FN:137,(anonymous_5)
FN:140,(anonymous_6)
FN:143,(anonymous_7)
FN:159,(anonymous_8)
FN:199,(anonymous_9)
FN:204,(anonymous_10)
FN:208,(anonymous_11)
FN:236,(anonymous_12)
FN:244,(anonymous_13)
FNF:14
FNH:13
FNDA:1,(anonymous_0)
FNDA:12,HomeScreen
FNDA:6,(anonymous_2)
FNDA:5,(anonymous_3)
FNDA:1,(anonymous_4)
FNDA:7,(anonymous_5)
FNDA:11,(anonymous_6)
FNDA:7,(anonymous_7)
FNDA:6,(anonymous_8)
FNDA:6,(anonymous_9)
FNDA:6,(anonymous_10)
FNDA:1,(anonymous_11)
FNDA:1,(anonymous_12)
FNDA:0,(anonymous_13)
DA:9,1
DA:18,1
DA:54,1
DA:55,1
DA:56,0
DA:60,1
DA:61,1
DA:62,0
DA:65,1
DA:66,1
DA:67,1
DA:69,1
DA:70,1
DA:73,0
DA:77,12
DA:78,12
DA:79,12
DA:80,12
DA:81,12
DA:82,12
DA:84,12
DA:85,6
DA:87,6
DA:88,6
DA:89,1
DA:90,1
DA:91,1
DA:92,1
DA:95,5
DA:96,5
DA:97,0
DA:98,0
DA:99,0
DA:100,0
DA:104,5
DA:109,4
DA:110,4
DA:112,1
DA:113,1
DA:114,1
DA:116,6
DA:117,6
DA:120,6
DA:128,12
DA:129,5
DA:132,12
DA:133,1
DA:134,1
DA:137,12
DA:138,7
DA:140,11
DA:143,12
DA:144,7
DA:156,7
DA:159,12
DA:160,6
DA:171,6
DA:172,6
DA:175,12
DA:199,6
DA:205,6
DA:208,1
DA:237,1
DA:238,1
DA:240,1
DA:244,0
DA:276,1
LF:67
LH:59
BRDA:55,0,0,0
BRDA:55,0,1,1
BRDA:61,1,0,0
BRDA:61,1,1,1
BRDA:69,2,0,1
BRDA:69,2,1,0
BRDA:69,3,0,1
BRDA:69,3,1,1
BRDA:88,4,0,1
BRDA:88,4,1,5
BRDA:96,5,0,0
BRDA:96,5,1,5
BRDA:156,6,0,7
BRDA:156,6,1,0
BRDA:171,7,0,6
BRDA:171,7,1,0
BRDA:172,8,0,1
BRDA:172,8,1,5
BRDA:228,9,0,12
BRDA:228,9,1,1
BRDA:238,10,0,0
BRDA:238,10,1,1
BRDA:254,11,0,1
BRDA:254,11,1,0
BRF:24
BRH:16
end_of_record
TN:
SF:app/(tabs)/ProfileScreen.tsx
FN:79,(anonymous_0)
FN:94,(anonymous_1)
FN:104,(anonymous_2)
FN:135,ProfileScreen
FN:170,(anonymous_4)
FN:176,(anonymous_5)
FN:180,(anonymous_6)
FN:215,(anonymous_7)
FN:218,(anonymous_8)
FN:222,(anonymous_9)
FN:230,(anonymous_10)
FN:243,(anonymous_11)
FN:264,(anonymous_12)
FN:266,(anonymous_13)
FN:274,(anonymous_14)
FN:276,(anonymous_15)
FN:284,(anonymous_16)
FN:311,(anonymous_17)
FN:362,(anonymous_18)
FN:367,(anonymous_19)
FN:371,(anonymous_20)
FN:444,(anonymous_21)
FN:452,(anonymous_22)
FN:459,(anonymous_23)
FN:523,(anonymous_24)
FN:543,(anonymous_25)
FN:553,(anonymous_26)
FN:560,(anonymous_27)
FN:578,(anonymous_28)
FN:585,(anonymous_29)
FN:604,(anonymous_30)
FNF:31
FNH:19
FNDA:4,(anonymous_0)
FNDA:8,(anonymous_1)
FNDA:20,(anonymous_2)
FNDA:37,ProfileScreen
FNDA:8,(anonymous_4)
FNDA:8,(anonymous_5)
FNDA:8,(anonymous_6)
FNDA:28,(anonymous_7)
FNDA:37,(anonymous_8)
FNDA:0,(anonymous_9)
FNDA:0,(anonymous_10)
FNDA:0,(anonymous_11)
FNDA:0,(anonymous_12)
FNDA:0,(anonymous_13)
FNDA:0,(anonymous_14)
FNDA:0,(anonymous_15)
FNDA:1,(anonymous_16)
FNDA:3,(anonymous_17)
FNDA:1,(anonymous_18)
FNDA:2,(anonymous_19)
FNDA:3,(anonymous_20)
FNDA:0,(anonymous_21)
FNDA:100,(anonymous_22)
FNDA:0,(anonymous_23)
FNDA:0,(anonymous_24)
FNDA:0,(anonymous_25)
FNDA:100,(anonymous_26)
FNDA:2,(anonymous_27)
FNDA:100,(anonymous_28)
FNDA:2,(anonymous_29)
FNDA:0,(anonymous_30)
DA:22,1
DA:31,1
DA:79,1
DA:80,4
DA:81,0
DA:82,0
DA:83,0
DA:85,4
DA:86,0
DA:88,4
DA:94,1
DA:95,8
DA:96,8
DA:97,88
DA:98,88
DA:100,8
DA:104,1
DA:105,20
DA:106,19
DA:110,1
DA:111,1
DA:112,0
DA:115,1
DA:116,1
DA:117,1
DA:119,1
DA:120,1
DA:123,0
DA:126,1
DA:136,37
DA:137,37
DA:138,37
DA:139,37
DA:140,37
DA:143,37
DA:144,37
DA:147,37
DA:148,37
DA:149,37
DA:150,37
DA:153,37
DA:154,37
DA:157,37
DA:158,37
DA:161,37
DA:170,37
DA:171,8
DA:172,8
DA:173,8
DA:176,37
DA:177,8
DA:180,37
DA:181,8
DA:182,8
DA:183,8
DA:184,1
DA:185,1
DA:188,7
DA:189,7
DA:192,7
DA:193,7
DA:196,7
DA:197,7
DA:198,7
DA:199,7
DA:203,7
DA:204,7
DA:205,7
DA:206,7
DA:209,0
DA:211,8
DA:215,37
DA:216,28
DA:218,37
DA:222,37
DA:223,0
DA:224,0
DA:225,0
DA:226,0
DA:227,0
DA:230,37
DA:232,0
DA:245,0
DA:248,0
DA:249,0
DA:264,37
DA:265,0
DA:266,0
DA:267,0
DA:268,0
DA:269,0
DA:274,37
DA:275,0
DA:276,0
DA:277,0
DA:278,0
DA:279,0
DA:284,37
DA:285,1
DA:287,1
DA:288,1
DA:291,1
DA:292,1
DA:295,1
DA:298,1
DA:299,1
DA:301,1
DA:302,1
DA:304,0
DA:305,0
DA:307,1
DA:311,37
DA:312,3
DA:315,3
DA:316,1
DA:317,1
DA:320,2
DA:321,1
DA:322,1
DA:325,1
DA:326,1
DA:329,1
DA:330,1
DA:333,1
DA:340,1
DA:349,1
DA:350,1
DA:352,1
DA:353,1
DA:355,0
DA:356,0
DA:358,1
DA:362,37
DA:363,1
DA:364,1
DA:367,37
DA:368,2
DA:371,37
DA:373,3
DA:374,3
DA:375,3
DA:378,37
DA:379,17
DA:382,20
DA:444,0
DA:453,100
DA:459,0
DA:523,0
DA:543,0
DA:554,100
DA:560,2
DA:579,100
DA:585,2
DA:604,0
DA:623,1
LF:155
LH:120
BRDA:80,0,0,0
BRDA:80,0,1,4
BRDA:83,1,0,0
BRDA:83,1,1,0
BRDA:85,2,0,0
BRDA:85,2,1,4
BRDA:105,3,0,19
BRDA:105,3,1,1
BRDA:111,4,0,0
BRDA:111,4,1,1
BRDA:119,5,0,1
BRDA:119,5,1,0
BRDA:119,6,0,1
BRDA:119,6,1,1
BRDA:183,7,0,1
BRDA:183,7,1,7
BRDA:192,8,0,7
BRDA:192,8,1,2
BRDA:193,9,0,7
BRDA:193,9,1,2
BRDA:197,10,0,7
BRDA:197,10,1,0
BRDA:204,11,0,7
BRDA:204,11,1,0
BRDA:239,12,0,0
BRDA:239,12,1,0
BRDA:248,13,0,0
BRDA:248,13,1,0
BRDA:265,14,0,0
BRDA:265,14,1,0
BRDA:275,15,0,0
BRDA:275,15,1,0
BRDA:285,16,0,0
BRDA:285,16,1,1
BRDA:312,17,0,0
BRDA:312,17,1,3
BRDA:315,18,0,1
BRDA:315,18,1,2
BRDA:315,19,0,3
BRDA:315,19,1,2
BRDA:320,20,0,1
BRDA:320,20,1,1
BRDA:329,21,0,1
BRDA:329,21,1,0
BRDA:330,22,0,1
BRDA:330,22,1,0
BRDA:373,23,0,3
BRDA:373,23,1,2
BRDA:374,24,0,3
BRDA:374,24,1,2
BRDA:378,25,0,17
BRDA:378,25,1,20
BRDA:408,26,0,14
BRDA:408,26,1,6
BRDA:414,27,0,14
BRDA:414,27,1,6
BRDA:457,28,0,100
BRDA:457,28,1,20
BRDA:464,29,0,100
BRDA:464,29,1,20
BRDA:474,30,0,20
BRDA:474,30,1,20
BRDA:474,30,2,20
BRDA:479,31,0,20
BRDA:479,31,1,20
BRDA:509,32,0,20
BRDA:509,32,1,0
BRDA:558,33,0,100
BRDA:558,33,1,16
BRDA:565,34,0,100
BRDA:565,34,1,16
BRDA:583,35,0,100
BRDA:583,35,1,15
BRDA:590,36,0,100
BRDA:590,36,1,15
BRF:75
BRH:54
end_of_record
TN:
SF:app/(tabs)/VisitedPlacesScreen.tsx
FN:20,VisitedPlacesScreen
FN:26,(anonymous_1)
FN:30,(anonymous_2)
FN:52,(anonymous_3)
FN:74,(anonymous_4)
FN:79,(anonymous_5)
FN:100,(anonymous_6)
FN:103,(anonymous_7)
FN:127,(anonymous_8)
FN:150,(anonymous_9)
FN:151,(anonymous_10)
FN:154,(anonymous_11)
FNF:12
FNH:11
FNDA:14,VisitedPlacesScreen
FNDA:6,(anonymous_1)
FNDA:7,(anonymous_2)
FNDA:7,(anonymous_3)
FNDA:1,(anonymous_4)
FNDA:8,(anonymous_5)
FNDA:8,(anonymous_6)
FNDA:8,(anonymous_7)
FNDA:0,(anonymous_8)
FNDA:12,(anonymous_9)
FNDA:8,(anonymous_10)
FNDA:1,(anonymous_11)
DA:8,1
DA:21,14
DA:22,14
DA:23,14
DA:24,14
DA:26,14
DA:27,6
DA:30,14
DA:31,7
DA:33,7
DA:34,7
DA:35,0
DA:36,0
DA:37,0
DA:40,7
DA:41,7
DA:42,0
DA:43,0
DA:44,0
DA:48,7
DA:51,6
DA:53,7
DA:54,7
DA:55,7
DA:57,0
DA:58,0
DA:63,6
DA:65,1
DA:66,1
DA:67,1
DA:69,7
DA:70,7
DA:74,14
DA:75,1
DA:76,1
DA:79,14
DA:80,8
DA:81,8
DA:82,8
DA:83,8
DA:85,8
DA:86,1
DA:87,7
DA:88,1
DA:89,6
DA:90,1
DA:92,5
DA:100,14
DA:101,8
DA:103,8
DA:107,14
DA:108,8
DA:127,0
DA:137,6
DA:150,12
DA:152,8
DA:154,1
DA:208,1
LF:58
LH:49
BRDA:34,0,0,0
BRDA:34,0,1,7
BRDA:41,1,0,0
BRDA:41,1,1,7
BRDA:85,2,0,1
BRDA:85,2,1,7
BRDA:87,3,0,1
BRDA:87,3,1,6
BRDA:89,4,0,1
BRDA:89,4,1,5
BRDA:95,5,0,4
BRDA:95,5,1,1
BRDA:107,6,0,8
BRDA:107,6,1,6
BRDA:154,7,0,1
BRDA:154,7,1,1
BRDA:156,8,0,8
BRDA:156,8,1,1
BRDA:168,9,0,8
BRDA:168,9,1,0
BRDA:171,10,0,8
BRDA:171,10,1,8
BRDA:185,11,0,8
BRDA:185,11,1,8
BRF:24
BRH:21
end_of_record
TN:
SF:app/(tabs)/friends.tsx
FN:24,Friends
FN:34,(anonymous_1)
FN:35,(anonymous_2)
FN:45,(anonymous_3)
FN:94,(anonymous_4)
FN:98,(anonymous_5)
FN:116,(anonymous_6)
FN:138,(anonymous_7)
FN:160,(anonymous_8)
FN:182,(anonymous_9)
FN:203,(anonymous_10)
FN:372,(anonymous_11)
FN:379,(anonymous_12)
FN:397,(anonymous_13)
FN:401,(anonymous_14)
FN:402,(anonymous_15)
FN:414,(anonymous_16)
FN:417,(anonymous_17)
FN:428,(anonymous_18)
FN:432,(anonymous_19)
FN:433,(anonymous_20)
FN:434,(anonymous_21)
FN:446,(anonymous_22)
FN:449,(anonymous_23)
FN:461,(anonymous_24)
FNF:25
FNH:12
FNDA:11,Friends
FNDA:3,(anonymous_1)
FNDA:3,(anonymous_2)
FNDA:8,(anonymous_3)
FNDA:6,(anonymous_4)
FNDA:1,(anonymous_5)
FNDA:1,(anonymous_6)
FNDA:0,(anonymous_7)
FNDA:0,(anonymous_8)
FNDA:0,(anonymous_9)
FNDA:0,(anonymous_10)
FNDA:44,(anonymous_11)
FNDA:2,(anonymous_12)
FNDA:0,(anonymous_13)
FNDA:0,(anonymous_14)
FNDA:0,(anonymous_15)
FNDA:0,(anonymous_16)
FNDA:0,(anonymous_17)
FNDA:2,(anonymous_18)
FNDA:1,(anonymous_19)
FNDA:0,(anonymous_20)
FNDA:0,(anonymous_21)
FNDA:0,(anonymous_22)
FNDA:0,(anonymous_23)
FNDA:1,(anonymous_24)
DA:7,1
DA:25,11
DA:26,11
DA:27,11
DA:28,11
DA:29,11
DA:30,11
DA:31,11
DA:32,11
DA:34,11
DA:35,3
DA:36,3
DA:37,3
DA:38,3
DA:39,3
DA:42,3
DA:45,11
DA:46,8
DA:47,5
DA:49,5
DA:50,5
DA:51,5
DA:52,5
DA:54,5
DA:55,5
DA:56,5
DA:57,5
DA:59,5
DA:60,0
DA:61,0
DA:62,0
DA:65,5
DA:66,0
DA:67,0
DA:68,0
DA:71,5
DA:72,2
DA:73,2
DA:74,2
DA:77,5
DA:78,0
DA:79,0
DA:80,0
DA:83,5
DA:84,5
DA:85,5
DA:86,5
DA:88,0
DA:90,5
DA:94,11
DA:95,6
DA:98,11
DA:99,1
DA:100,1
DA:101,1
DA:102,1
DA:103,1
DA:104,1
DA:110,1
DA:112,0
DA:116,11
DA:117,1
DA:118,1
DA:119,1
DA:125,1
DA:127,1
DA:129,0
DA:130,0
DA:133,0
DA:134,0
DA:138,11
DA:139,0
DA:140,0
DA:141,0
DA:147,0
DA:149,0
DA:151,0
DA:152,0
DA:155,0
DA:156,0
DA:160,11
DA:161,0
DA:162,0
DA:163,0
DA:169,0
DA:171,0
DA:173,0
DA:174,0
DA:177,0
DA:178,0
DA:182,11
DA:183,0
DA:184,0
DA:190,0
DA:192,0
DA:194,0
DA:195,0
DA:198,0
DA:199,0
DA:203,11
DA:204,0
DA:205,0
DA:206,0
DA:207,0
DA:208,0
DA:214,0
DA:216,0
DA:218,0
DA:219,0
DA:222,0
DA:223,0
DA:227,11
DA:370,11
DA:372,11
DA:373,44
DA:379,11
DA:380,2
DA:385,11
DA:398,0
DA:401,0
DA:402,0
DA:415,0
DA:417,0
DA:429,2
DA:432,1
DA:433,0
DA:434,0
DA:447,0
DA:449,0
DA:462,1
DA:463,1
LF:131
LH:70
BRDA:37,0,0,3
BRDA:37,0,1,0
BRDA:46,1,0,3
BRDA:46,1,1,5
BRDA:88,2,0,0
BRDA:88,2,1,0
BRDA:125,3,0,1
BRDA:125,3,1,0
BRDA:147,4,0,0
BRDA:147,4,1,0
BRDA:169,5,0,0
BRDA:169,5,1,0
BRDA:190,6,0,0
BRDA:190,6,1,0
BRDA:214,7,0,0
BRDA:214,7,1,0
BRDA:370,8,0,0
BRDA:370,8,1,11
BRDA:394,9,0,11
BRDA:394,9,1,0
BRDA:411,10,0,11
BRDA:411,10,1,0
BRDA:425,11,0,9
BRDA:425,11,1,2
BRDA:443,12,0,11
BRDA:443,12,1,0
BRF:26
BRH:10
end_of_record
TN:
SF:app/(tabs)/leaderboard.tsx
FN:12,Leaderboard
FN:21,(anonymous_1)
FN:22,(anonymous_2)
FN:63,(anonymous_3)
FN:64,(anonymous_4)
FN:86,(anonymous_5)
FN:115,(anonymous_6)
FNF:7
FNH:7
FNDA:8,Leaderboard
FNDA:4,(anonymous_1)
FNDA:4,(anonymous_2)
FNDA:4,(anonymous_3)
FNDA:4,(anonymous_4)
FNDA:3,(anonymous_5)
FNDA:1,(anonymous_6)
DA:13,8
DA:14,8
DA:15,8
DA:16,8
DA:17,8
DA:18,8
DA:19,8
DA:21,8
DA:22,4
DA:23,4
DA:24,4
DA:26,4
DA:27,4
DA:28,1
DA:29,1
DA:30,1
DA:33,3
DA:34,3
DA:37,3
DA:38,2
DA:39,2
DA:41,2
DA:42,2
DA:43,2
DA:45,2
DA:46,2
DA:47,2
DA:49,2
DA:50,2
DA:51,2
DA:53,1
DA:55,4
DA:59,4
DA:63,8
DA:64,4
DA:67,8
DA:68,2
DA:71,6
DA:72,6
DA:74,6
DA:87,3
DA:116,1
DA:142,1
LF:43
LH:43
BRDA:27,0,0,1
BRDA:27,0,1,3
BRDA:53,1,0,1
BRDA:53,1,1,0
BRDA:67,2,0,2
BRDA:67,2,1,6
BRDA:71,3,0,6
BRDA:71,3,1,2
BRDA:72,4,0,6
BRDA:72,4,1,2
BRDA:96,5,0,6
BRDA:96,5,1,2
BRDA:96,5,2,2
BRDA:100,6,0,2
BRDA:100,6,1,0
BRDA:108,7,0,5
BRDA:108,7,1,1
BRDA:124,8,0,1
BRDA:124,8,1,1
BRDA:124,8,2,1
BRDA:128,9,0,1
BRDA:128,9,1,0
BRF:22
BRH:19
end_of_record
TN:
SF:app/components/MorphingLoadingScreen.tsx
FN:14,MorphingLoadingScreen
FN:21,(anonymous_1)
FN:35,(anonymous_2)
FN:69,(anonymous_3)
FN:74,(anonymous_4)
FNF:5
FNH:4
FNDA:97,MorphingLoadingScreen
FNDA:54,(anonymous_1)
FNDA:72,(anonymous_2)
FNDA:0,(anonymous_3)
FNDA:54,(anonymous_4)
DA:4,7
DA:15,97
DA:16,97
DA:17,97
DA:18,97
DA:19,97
DA:21,97
DA:24,54
DA:26,24
DA:29,24
DA:35,24
DA:36,72
DA:54,24
DA:63,30
DA:69,30
DA:70,0
DA:74,54
DA:75,54
DA:79,97
DA:81,55
DA:113,7
LF:21
LH:20
BRDA:24,0,0,24
BRDA:24,0,1,30
BRDA:75,1,0,30
BRDA:75,1,1,24
BRDA:79,2,0,42
BRDA:79,2,1,55
BRF:6
BRH:6
end_of_record
TN:
SF:assets/Wander-Avatars/Astro/Astro1.png
FNF:0
FNH:0
DA:1,2
LF:1
LH:1
BRF:0
BRH:0
end_of_record
TN:
SF:assets/Wander-Avatars/Astro/Astro2.png
FNF:0
FNH:0
DA:1,2
LF:1
LH:1
BRF:0
BRH:0
end_of_record
TN:
SF:assets/Wander-Avatars/Astro/Astro3.png
FNF:0
FNH:0
DA:1,2
LF:1
LH:1
BRF:0
BRH:0
end_of_record
TN:
SF:assets/Wander-Avatars/Astro/Astro4.png
FNF:0
FNH:0
DA:1,2
LF:1
LH:1
BRF:0
BRH:0
end_of_record
TN:
SF:assets/Wander-Avatars/Astro/Astro5.png
FNF:0
FNH:0
DA:1,1
LF:1
LH:1
BRF:0
BRH:0
end_of_record
TN:
SF:assets/Wander-Avatars/Cowboy/Cowboy1.png
FNF:0
FNH:0
DA:1,2
LF:1
LH:1
BRF:0
BRH:0
end_of_record
TN:
SF:assets/Wander-Avatars/Cowboy/Cowboy2.png
FNF:0
FNH:0
DA:1,2
LF:1
LH:1
BRF:0
BRH:0
end_of_record
TN:
SF:assets/Wander-Avatars/Cowboy/Cowboy3.png
FNF:0
FNH:0
DA:1,2
LF:1
LH:1
BRF:0
BRH:0
end_of_record
TN:
SF:assets/Wander-Avatars/Cowboy/Cowboy4.png
FNF:0
FNH:0
DA:1,2
LF:1
LH:1
BRF:0
BRH:0
end_of_record
TN:
SF:assets/Wander-Avatars/KPOP/KPOP1.png
FNF:0
FNH:0
DA:1,2
LF:1
LH:1
BRF:0
BRH:0
end_of_record
TN:
SF:assets/Wander-Avatars/KPOP/KPOP2.png
FNF:0
FNH:0
DA:1,2
LF:1
LH:1
BRF:0
BRH:0
end_of_record
TN:
SF:assets/Wander-Avatars/KPOP/KPOP3.png
FNF:0
FNH:0
DA:1,2
LF:1
LH:1
BRF:0
BRH:0
end_of_record
TN:
SF:assets/Wander-Avatars/KPOP/KPOP4.png
FNF:0
FNH:0
DA:1,2
LF:1
LH:1
BRF:0
BRH:0
end_of_record
TN:
SF:assets/Wander-Avatars/KPOP/KPOP5.png
FNF:0
FNH:0
DA:1,1
LF:1
LH:1
BRF:0
BRH:0
end_of_record
TN:
SF:assets/Wander-Avatars/KPOP/KPOP6.png
FNF:0
FNH:0
DA:1,1
LF:1
LH:1
BRF:0
BRH:0
end_of_record
TN:
SF:assets/Wander-Avatars/KPOP/KPOP7.png
FNF:0
FNH:0
DA:1,1
LF:1
LH:1
BRF:0
BRH:0
end_of_record
TN:
SF:assets/Wander-Avatars/Normal/normal1.png
FNF:0
FNH:0
DA:1,2
LF:1
LH:1
BRF:0
BRH:0
end_of_record
TN:
SF:assets/Wander-Avatars/Normal/normal10.png
FNF:0
FNH:0
DA:1,1
LF:1
LH:1
BRF:0
BRH:0
end_of_record
TN:
SF:assets/Wander-Avatars/Normal/normal11.png
FNF:0
FNH:0
DA:1,1
LF:1
LH:1
BRF:0
BRH:0
end_of_record
TN:
SF:assets/Wander-Avatars/Normal/normal12.png
FNF:0
FNH:0
DA:1,1
LF:1
LH:1
BRF:0
BRH:0
end_of_record
TN:
SF:assets/Wander-Avatars/Normal/normal2.png
FNF:0
FNH:0
DA:1,2
LF:1
LH:1
BRF:0
BRH:0
end_of_record
TN:
SF:assets/Wander-Avatars/Normal/normal3.png
FNF:0
FNH:0
DA:1,2
LF:1
LH:1
BRF:0
BRH:0
end_of_record
TN:
SF:assets/Wander-Avatars/Normal/normal4.png
FNF:0
FNH:0
DA:1,2
LF:1
LH:1
BRF:0
BRH:0
end_of_record
TN:
SF:assets/Wander-Avatars/Normal/normal5.png
FNF:0
FNH:0
DA:1,1
LF:1
LH:1
BRF:0
BRH:0
end_of_record
TN:
SF:assets/Wander-Avatars/Normal/normal6.png
FNF:0
FNH:0
DA:1,1
LF:1
LH:1
BRF:0
BRH:0
end_of_record
TN:
SF:assets/Wander-Avatars/Normal/normal7.png
FNF:0
FNH:0
DA:1,1
LF:1
LH:1
BRF:0
BRH:0
end_of_record
TN:
SF:assets/Wander-Avatars/Normal/normal8.png
FNF:0
FNH:0
DA:1,1
LF:1
LH:1
BRF:0
BRH:0
end_of_record
TN:
SF:assets/Wander-Avatars/Normal/normal9.png
FNF:0
FNH:0
DA:1,1
LF:1
LH:1
BRF:0
BRH:0
end_of_record
TN:
SF:assets/Wander-Avatars/Viking/Viking1.png
FNF:0
FNH:0
DA:1,2
LF:1
LH:1
BRF:0
BRH:0
end_of_record
TN:
SF:assets/Wander-Avatars/Viking/Viking2.png
FNF:0
FNH:0
DA:1,2
LF:1
LH:1
BRF:0
BRH:0
end_of_record
TN:
SF:assets/Wander-Avatars/Viking/Viking3.png
FNF:0
FNH:0
DA:1,2
LF:1
LH:1
BRF:0
BRH:0
end_of_record
TN:
SF:assets/Wander-Avatars/Viking/Viking4.png
FNF:0
FNH:0
DA:1,2
LF:1
LH:1
BRF:0
BRH:0
end_of_record
